{
"/Users/hans/Sources/sdk/packages/@angular/schematics/src/interface.ts":{"path":"/Users/hans/Sources/sdk/packages/@angular/schematics/src/interface.ts","s":{"1":1,"2":1,"3":1,"4":1,"5":1,"6":1,"7":1,"8":19,"9":1,"10":1,"11":1,"12":1},"b":{"1":[1,1]},"f":{"1":1,"2":19,"3":1,"4":1,"5":1},"fnMap":{"1":{"name":"(anonymous_1)","line":11,"loc":{"start":{"line":11,"column":0},"end":{"line":11,"column":25}}},"2":{"name":"(anonymous_2)","line":null,"loc":{"start":{"line":45,"column":14},"end":{"line":45,"column":14}}},"3":{"name":"(anonymous_3)","line":null,"loc":{"start":{"line":51,"column":15},"end":{"line":51,"column":57}}},"4":{"name":"(anonymous_4)","line":null,"loc":{"start":{"line":56,"column":18},"end":{"line":56,"column":44}}},"5":{"name":"(anonymous_5)","line":null,"loc":{"start":{"line":61,"column":14},"end":{"line":63,"column":60}}}},"statementMap":{"1":{"start":{"line":2,"column":0},"end":{"line":2,"column":62}},"2":{"start":{"line":2,"column":0},"end":{"line":7,"column":28}},"3":{"start":{"line":11,"column":0},"end":{"line":15,"column":1}},"4":{"start":{"line":11,"column":0},"end":{"line":15,"column":1}},"5":{"start":{"line":12,"column":2},"end":{"line":12,"column":15}},"6":{"start":{"line":13,"column":2},"end":{"line":13,"column":11}},"7":{"start":{"line":14,"column":2},"end":{"line":14,"column":17}},"8":{"start":{"line":46,"column":4},"end":{"line":46,"column":27}},"9":{"start":{"line":52,"column":4},"end":{"line":52,"column":48}},"10":{"start":{"line":57,"column":4},"end":{"line":57,"column":41}},"11":{"start":{"line":64,"column":4},"end":{"line":64,"column":48}},"12":{"start":{"line":26,"column":0},"end":{"line":66,"column":1}}},"branchMap":{"1":{"line":15,"type":"binary-expr","locations":[{"start":{"line":11,"column":12},"end":{"line":11,"column":25}},{"start":{"line":11,"column":12},"end":{"line":11,"column":25}}]}},"l":{"2":1,"11":1,"12":1,"13":1,"14":1,"26":1,"46":19,"52":1,"57":1,"64":1}},
"/Users/hans/Sources/sdk/packages/@angular/schematics/src/tree/static-impl.ts":{"path":"/Users/hans/Sources/sdk/packages/@angular/schematics/src/tree/static-impl.ts","s":{"1":1,"2":1,"3":19,"4":1,"5":1,"6":1,"7":1,"8":1,"9":1,"10":1,"11":1,"12":1,"13":1,"14":1},"b":{},"f":{"1":19,"2":1,"3":1,"4":1},"fnMap":{"1":{"name":"treeEmptyImpl","line":5,"loc":{"start":{"line":5,"column":0},"end":{"line":5,"column":0}}},"2":{"name":"treeBranchImpl","line":11,"loc":{"start":{"line":11,"column":0},"end":{"line":11,"column":54}}},"3":{"name":"treePartitionImpl","line":17,"loc":{"start":{"line":17,"column":0},"end":{"line":17,"column":58}}},"4":{"name":"treeMergeImpl","line":22,"loc":{"start":{"line":22,"column":0},"end":{"line":22,"column":77}}}},"statementMap":{"1":{"start":{"line":2,"column":0},"end":{"line":2,"column":62}},"2":{"start":{"line":5,"column":0},"end":{"line":7,"column":1}},"3":{"start":{"line":6,"column":2},"end":{"line":6,"column":50}},"4":{"start":{"line":5,"column":0},"end":{"line":7,"column":1}},"5":{"start":{"line":11,"column":0},"end":{"line":14,"column":1}},"6":{"start":{"line":12,"column":2},"end":{"line":12,"column":55}},"7":{"start":{"line":13,"column":2},"end":{"line":13,"column":39}},"8":{"start":{"line":11,"column":0},"end":{"line":14,"column":1}},"9":{"start":{"line":17,"column":0},"end":{"line":19,"column":1}},"10":{"start":{"line":18,"column":2},"end":{"line":18,"column":65}},"11":{"start":{"line":17,"column":0},"end":{"line":19,"column":1}},"12":{"start":{"line":22,"column":0},"end":{"line":24,"column":1}},"13":{"start":{"line":23,"column":2},"end":{"line":23,"column":72}},"14":{"start":{"line":22,"column":0},"end":{"line":24,"column":1}}},"branchMap":{},"l":{"2":1,"5":1,"6":19,"11":1,"12":1,"13":1,"17":1,"18":1,"22":1,"23":1}},
"/Users/hans/Sources/sdk/packages/@angular/schematics/rules/base.ts":{"path":"/Users/hans/Sources/sdk/packages/@angular/schematics/rules/base.ts","s":{"1":1,"2":1,"3":1,"4":1,"5":0,"6":0,"7":0,"8":0,"9":0,"10":0,"11":0,"12":0,"13":0,"14":0,"15":0,"16":0,"17":0,"18":0,"19":0,"20":1,"21":1,"22":0,"23":0,"24":1,"25":1,"26":0,"27":0,"28":1,"29":1,"30":4,"31":4,"32":2,"33":2,"34":2,"35":0,"36":1,"37":1,"38":18,"39":18,"40":18,"41":9,"42":9,"43":9,"44":0,"45":1,"46":1,"47":4,"48":4,"49":12,"50":1,"51":1,"52":2,"53":2,"54":1,"55":1,"56":0,"57":0,"58":0,"59":0,"60":0,"61":0,"62":1,"63":1,"64":0,"65":0,"66":0,"67":0,"68":0,"69":0,"70":1,"71":1,"72":0,"73":0,"74":1,"75":1,"76":0,"77":0,"78":0,"79":0,"80":0,"81":0,"82":0,"83":1,"84":1,"85":0,"86":0,"87":1},"b":{"1":[0,0],"2":[0,0],"3":[0,0],"4":[0,0],"5":[0,0],"6":[0,0],"7":[2,2],"8":[2,0],"9":[9,9],"10":[9,0],"11":[0,0],"12":[0,0]},"f":{"1":0,"2":0,"3":0,"4":4,"5":18,"6":4,"7":2,"8":0,"9":0,"10":0,"11":0,"12":0},"fnMap":{"1":{"name":"(anonymous_1)","line":null,"loc":{"start":{"line":7,"column":2},"end":{"line":7,"column":24}}},"2":{"name":"source","line":31,"loc":{"start":{"line":31,"column":0},"end":{"line":31,"column":33}}},"3":{"name":"empty","line":34,"loc":{"start":{"line":34,"column":0},"end":{"line":34,"column":0}}},"4":{"name":"callSource","line":39,"loc":{"start":{"line":39,"column":0},"end":{"line":39,"column":68}}},"5":{"name":"callRule","line":50,"loc":{"start":{"line":50,"column":0},"end":{"line":52,"column":50}}},"6":{"name":"chain","line":67,"loc":{"start":{"line":67,"column":0},"end":{"line":67,"column":35}}},"7":{"name":"apply","line":76,"loc":{"start":{"line":76,"column":0},"end":{"line":76,"column":51}}},"8":{"name":"merge","line":83,"loc":{"start":{"line":83,"column":0},"end":{"line":83,"column":86}}},"9":{"name":"mergeWith","line":95,"loc":{"start":{"line":95,"column":0},"end":{"line":95,"column":90}}},"10":{"name":"noop","line":107,"loc":{"start":{"line":107,"column":0},"end":{"line":107,"column":0}}},"11":{"name":"partitionAndApply","line":112,"loc":{"start":{"line":112,"column":0},"end":{"line":112,"column":90}}},"12":{"name":"filter","line":122,"loc":{"start":{"line":122,"column":0},"end":{"line":122,"column":36}}}},"statementMap":{"1":{"start":{"line":2,"column":0},"end":{"line":2,"column":62}},"2":{"start":{"line":1,"column":0},"end":{"line":1,"column":85}},"3":{"start":{"line":2,"column":0},"end":{"line":2,"column":43}},"4":{"start":{"line":3,"column":0},"end":{"line":3,"column":47}},"5":{"start":{"line":8,"column":4},"end":{"line":8,"column":35}},"6":{"start":{"line":9,"column":4},"end":{"line":25,"column":5}},"7":{"start":{"line":10,"column":6},"end":{"line":10,"column":22}},"8":{"start":{"line":11,"column":11},"end":{"line":25,"column":5}},"9":{"start":{"line":12,"column":6},"end":{"line":12,"column":17}},"10":{"start":{"line":13,"column":11},"end":{"line":25,"column":5}},"11":{"start":{"line":14,"column":6},"end":{"line":14,"column":23}},"12":{"start":{"line":15,"column":11},"end":{"line":25,"column":5}},"13":{"start":{"line":16,"column":6},"end":{"line":16,"column":54}},"14":{"start":{"line":18,"column":6},"end":{"line":24,"column":7}},"15":{"start":{"line":19,"column":8},"end":{"line":19,"column":47}},"16":{"start":{"line":20,"column":13},"end":{"line":24,"column":7}},"17":{"start":{"line":21,"column":8},"end":{"line":21,"column":58}},"18":{"start":{"line":23,"column":8},"end":{"line":23,"column":29}},"19":{"start":{"line":26,"column":4},"end":{"line":26,"column":50}},"20":{"start":{"line":6,"column":0},"end":{"line":28,"column":1}},"21":{"start":{"line":31,"column":0},"end":{"line":33,"column":1}},"22":{"start":{"line":32,"column":2},"end":{"line":32,"column":20}},"23":{"start":{"line":32,"column":15},"end":{"line":32,"column":19}},"24":{"start":{"line":31,"column":0},"end":{"line":33,"column":1}},"25":{"start":{"line":34,"column":0},"end":{"line":36,"column":1}},"26":{"start":{"line":35,"column":2},"end":{"line":35,"column":28}},"27":{"start":{"line":35,"column":15},"end":{"line":35,"column":27}},"28":{"start":{"line":34,"column":0},"end":{"line":36,"column":1}},"29":{"start":{"line":39,"column":0},"end":{"line":49,"column":1}},"30":{"start":{"line":40,"column":2},"end":{"line":40,"column":33}},"31":{"start":{"line":42,"column":2},"end":{"line":48,"column":3}},"32":{"start":{"line":43,"column":4},"end":{"line":43,"column":33}},"33":{"start":{"line":44,"column":9},"end":{"line":48,"column":3}},"34":{"start":{"line":45,"column":4},"end":{"line":45,"column":18}},"35":{"start":{"line":47,"column":4},"end":{"line":47,"column":49}},"36":{"start":{"line":39,"column":0},"end":{"line":49,"column":1}},"37":{"start":{"line":50,"column":0},"end":{"line":64,"column":1}},"38":{"start":{"line":53,"column":2},"end":{"line":63,"column":5}},"39":{"start":{"line":54,"column":4},"end":{"line":54,"column":36}},"40":{"start":{"line":56,"column":4},"end":{"line":62,"column":5}},"41":{"start":{"line":57,"column":6},"end":{"line":57,"column":35}},"42":{"start":{"line":58,"column":11},"end":{"line":62,"column":5}},"43":{"start":{"line":59,"column":6},"end":{"line":59,"column":20}},"44":{"start":{"line":61,"column":6},"end":{"line":61,"column":51}},"45":{"start":{"line":50,"column":0},"end":{"line":64,"column":1}},"46":{"start":{"line":67,"column":0},"end":{"line":73,"column":1}},"47":{"start":{"line":68,"column":2},"end":{"line":72,"column":4}},"48":{"start":{"line":69,"column":4},"end":{"line":71,"column":28}},"49":{"start":{"line":70,"column":6},"end":{"line":70,"column":42}},"50":{"start":{"line":67,"column":0},"end":{"line":73,"column":1}},"51":{"start":{"line":76,"column":0},"end":{"line":80,"column":1}},"52":{"start":{"line":77,"column":2},"end":{"line":79,"column":4}},"53":{"start":{"line":78,"column":4},"end":{"line":78,"column":72}},"54":{"start":{"line":76,"column":0},"end":{"line":80,"column":1}},"55":{"start":{"line":83,"column":0},"end":{"line":92,"column":1}},"56":{"start":{"line":84,"column":2},"end":{"line":91,"column":4}},"57":{"start":{"line":85,"column":4},"end":{"line":90,"column":36}},"58":{"start":{"line":86,"column":6},"end":{"line":86,"column":47}},"59":{"start":{"line":87,"column":6},"end":{"line":89,"column":9}},"60":{"start":{"line":88,"column":8},"end":{"line":88,"column":59}},"61":{"start":{"line":88,"column":31},"end":{"line":88,"column":57}},"62":{"start":{"line":83,"column":0},"end":{"line":92,"column":1}},"63":{"start":{"line":95,"column":0},"end":{"line":104,"column":1}},"64":{"start":{"line":96,"column":2},"end":{"line":103,"column":4}},"65":{"start":{"line":97,"column":4},"end":{"line":102,"column":28}},"66":{"start":{"line":98,"column":6},"end":{"line":98,"column":47}},"67":{"start":{"line":99,"column":6},"end":{"line":101,"column":9}},"68":{"start":{"line":100,"column":8},"end":{"line":100,"column":59}},"69":{"start":{"line":100,"column":31},"end":{"line":100,"column":57}},"70":{"start":{"line":95,"column":0},"end":{"line":104,"column":1}},"71":{"start":{"line":107,"column":0},"end":{"line":109,"column":1}},"72":{"start":{"line":108,"column":2},"end":{"line":108,"column":58}},"73":{"start":{"line":108,"column":53},"end":{"line":108,"column":57}},"74":{"start":{"line":107,"column":0},"end":{"line":109,"column":1}},"75":{"start":{"line":112,"column":0},"end":{"line":120,"column":1}},"76":{"start":{"line":113,"column":2},"end":{"line":119,"column":4}},"77":{"start":{"line":114,"column":4},"end":{"line":114,"column":53}},"78":{"start":{"line":115,"column":4},"end":{"line":115,"column":87}},"79":{"start":{"line":116,"column":4},"end":{"line":116,"column":90}},"80":{"start":{"line":118,"column":4},"end":{"line":118,"column":72}},"81":{"start":{"line":118,"column":34},"end":{"line":118,"column":70}},"82":{"start":{"line":118,"column":53},"end":{"line":118,"column":69}},"83":{"start":{"line":112,"column":0},"end":{"line":120,"column":1}},"84":{"start":{"line":122,"column":0},"end":{"line":126,"column":1}},"85":{"start":{"line":123,"column":2},"end":{"line":125,"column":4}},"86":{"start":{"line":124,"column":4},"end":{"line":124,"column":35}},"87":{"start":{"line":122,"column":0},"end":{"line":126,"column":1}}},"branchMap":{"1":{"line":9,"type":"if","locations":[{"start":{"line":9,"column":4},"end":{"line":9,"column":4}},{"start":{"line":9,"column":4},"end":{"line":9,"column":4}}]},"2":{"line":11,"type":"if","locations":[{"start":{"line":11,"column":11},"end":{"line":11,"column":11}},{"start":{"line":11,"column":11},"end":{"line":11,"column":11}}]},"3":{"line":13,"type":"if","locations":[{"start":{"line":13,"column":11},"end":{"line":13,"column":11}},{"start":{"line":13,"column":11},"end":{"line":13,"column":11}}]},"4":{"line":15,"type":"if","locations":[{"start":{"line":15,"column":11},"end":{"line":15,"column":11}},{"start":{"line":15,"column":11},"end":{"line":15,"column":11}}]},"5":{"line":18,"type":"if","locations":[{"start":{"line":18,"column":6},"end":{"line":18,"column":6}},{"start":{"line":18,"column":6},"end":{"line":18,"column":6}}]},"6":{"line":20,"type":"if","locations":[{"start":{"line":20,"column":13},"end":{"line":20,"column":13}},{"start":{"line":20,"column":13},"end":{"line":20,"column":13}}]},"7":{"line":42,"type":"if","locations":[{"start":{"line":42,"column":2},"end":{"line":42,"column":2}},{"start":{"line":42,"column":2},"end":{"line":42,"column":2}}]},"8":{"line":44,"type":"if","locations":[{"start":{"line":44,"column":9},"end":{"line":44,"column":9}},{"start":{"line":44,"column":9},"end":{"line":44,"column":9}}]},"9":{"line":56,"type":"if","locations":[{"start":{"line":56,"column":4},"end":{"line":56,"column":4}},{"start":{"line":56,"column":4},"end":{"line":56,"column":4}}]},"10":{"line":58,"type":"if","locations":[{"start":{"line":58,"column":11},"end":{"line":58,"column":11}},{"start":{"line":58,"column":11},"end":{"line":58,"column":11}}]},"11":{"line":115,"type":"binary-expr","locations":[{"start":{"line":115,"column":36},"end":{"line":115,"column":48}},{"start":{"line":115,"column":52},"end":{"line":115,"column":54}}]},"12":{"line":116,"type":"binary-expr","locations":[{"start":{"line":116,"column":37},"end":{"line":116,"column":50}},{"start":{"line":116,"column":54},"end":{"line":116,"column":56}}]}},"l":{"1":1,"2":1,"3":1,"6":1,"8":0,"9":0,"10":0,"11":0,"12":0,"13":0,"14":0,"15":0,"16":0,"18":0,"19":0,"20":0,"21":0,"23":0,"26":0,"31":1,"32":0,"34":1,"35":0,"39":1,"40":4,"42":4,"43":2,"44":2,"45":2,"47":0,"50":1,"53":18,"54":18,"56":18,"57":9,"58":9,"59":9,"61":0,"67":1,"68":4,"69":4,"70":12,"76":1,"77":2,"78":2,"83":1,"84":0,"85":0,"86":0,"87":0,"88":0,"95":1,"96":0,"97":0,"98":0,"99":0,"100":0,"107":1,"108":0,"112":1,"113":0,"114":0,"115":0,"116":0,"118":0,"122":1,"123":0,"124":0}},
"/Users/hans/Sources/sdk/packages/@angular/schematics/src/exception.ts":{"path":"/Users/hans/Sources/sdk/packages/@angular/schematics/src/exception.ts","s":{"1":1,"2":16,"3":0,"4":0,"5":0,"6":1},"b":{},"f":{"1":16,"2":0,"3":0,"4":0},"fnMap":{"1":{"name":"(anonymous_1)","line":null,"loc":{"start":{"line":7,"column":2},"end":{"line":7,"column":26}}},"2":{"name":"(anonymous_2)","line":null,"loc":{"start":{"line":13,"column":13},"end":{"line":13,"column":13}}},"3":{"name":"(anonymous_3)","line":null,"loc":{"start":{"line":14,"column":10},"end":{"line":14,"column":10}}},"4":{"name":"(anonymous_4)","line":null,"loc":{"start":{"line":15,"column":11},"end":{"line":15,"column":11}}}},"statementMap":{"1":{"start":{"line":2,"column":0},"end":{"line":2,"column":62}},"2":{"start":{"line":8,"column":4},"end":{"line":8,"column":19}},"3":{"start":{"line":13,"column":18},"end":{"line":13,"column":45}},"4":{"start":{"line":14,"column":15},"end":{"line":14,"column":44}},"5":{"start":{"line":15,"column":16},"end":{"line":15,"column":41}},"6":{"start":{"line":4,"column":0},"end":{"line":16,"column":1}}},"branchMap":{},"l":{"2":1,"4":1,"8":16,"13":0,"14":0,"15":0}},
"/Users/hans/Sources/sdk/packages/@angular/schematics/src/schematic.ts":{"path":"/Users/hans/Sources/sdk/packages/@angular/schematics/src/schematic.ts","s":{"1":1,"2":1,"3":1,"4":1,"5":0,"6":1,"7":2,"8":2,"9":2,"10":0,"11":0,"12":0,"13":0,"14":0,"15":2,"16":1},"b":{"1":[0,2]},"f":{"1":0,"2":2,"3":0,"4":0,"5":0,"6":0,"7":2},"fnMap":{"1":{"name":"(anonymous_1)","line":null,"loc":{"start":{"line":12,"column":2},"end":{"line":12,"column":40}}},"2":{"name":"(anonymous_2)","line":null,"loc":{"start":{"line":19,"column":2},"end":{"line":20,"column":45}}},"3":{"name":"(anonymous_3)","line":null,"loc":{"start":{"line":26,"column":10},"end":{"line":26,"column":10}}},"4":{"name":"(anonymous_4)","line":null,"loc":{"start":{"line":27,"column":17},"end":{"line":27,"column":17}}},"5":{"name":"(anonymous_5)","line":null,"loc":{"start":{"line":28,"column":10},"end":{"line":28,"column":10}}},"6":{"name":"(anonymous_6)","line":null,"loc":{"start":{"line":29,"column":16},"end":{"line":29,"column":16}}},"7":{"name":"(anonymous_7)","line":null,"loc":{"start":{"line":31,"column":6},"end":{"line":31,"column":29}}}},"statementMap":{"1":{"start":{"line":2,"column":0},"end":{"line":2,"column":62}},"2":{"start":{"line":3,"column":0},"end":{"line":3,"column":42}},"3":{"start":{"line":6,"column":0},"end":{"line":6,"column":41}},"4":{"start":{"line":7,"column":0},"end":{"line":7,"column":39}},"5":{"start":{"line":13,"column":4},"end":{"line":13,"column":70}},"6":{"start":{"line":11,"column":0},"end":{"line":15,"column":1}},"7":{"start":{"line":19,"column":22},"end":{"line":19,"column":63}},"8":{"start":{"line":20,"column":22},"end":{"line":20,"column":45}},"9":{"start":{"line":21,"column":4},"end":{"line":23,"column":5}},"10":{"start":{"line":22,"column":6},"end":{"line":22,"column":83}},"11":{"start":{"line":26,"column":15},"end":{"line":26,"column":44}},"12":{"start":{"line":27,"column":22},"end":{"line":27,"column":58}},"13":{"start":{"line":28,"column":15},"end":{"line":28,"column":44}},"14":{"start":{"line":29,"column":21},"end":{"line":29,"column":45}},"15":{"start":{"line":32,"column":4},"end":{"line":32,"column":76}},"16":{"start":{"line":18,"column":0},"end":{"line":34,"column":1}}},"branchMap":{"1":{"line":21,"type":"if","locations":[{"start":{"line":21,"column":4},"end":{"line":21,"column":4}},{"start":{"line":21,"column":4},"end":{"line":21,"column":4}}]}},"l":{"2":1,"3":1,"6":1,"7":1,"11":1,"13":0,"18":1,"19":2,"20":2,"21":2,"22":0,"26":0,"27":0,"28":0,"29":0,"32":2}},
"/Users/hans/Sources/sdk/packages/@angular/schematics/src/sink/dryrun.ts":{"path":"/Users/hans/Sources/sdk/packages/@angular/schematics/src/sink/dryrun.ts","s":{"1":1,"2":1,"3":1,"4":1,"5":1,"6":1,"7":1,"8":1,"9":0,"10":0,"11":0,"12":0,"13":0,"14":0,"15":1,"16":4,"17":0,"18":0,"19":4,"20":4,"21":1,"22":0,"23":0,"24":1,"25":0,"26":0,"27":0,"28":1,"29":1,"30":1},"b":{"1":[0,0],"2":[0,0]},"f":{"1":1,"2":1},"fnMap":{"1":{"name":"(anonymous_1)","line":null,"loc":{"start":{"line":23,"column":2},"end":{"line":23,"column":31}}},"2":{"name":"(anonymous_2)","line":null,"loc":{"start":{"line":25,"column":7},"end":{"line":25,"column":7}}}},"statementMap":{"1":{"start":{"line":2,"column":0},"end":{"line":2,"column":62}},"2":{"start":{"line":1,"column":0},"end":{"line":1,"column":59}},"3":{"start":{"line":3,"column":0},"end":{"line":3,"column":26}},"4":{"start":{"line":5,"column":0},"end":{"line":5,"column":29}},"5":{"start":{"line":23,"column":35},"end":{"line":23,"column":47}},"6":{"start":{"line":20,"column":10},"end":{"line":20,"column":48}},"7":{"start":{"line":21,"column":11},"end":{"line":21,"column":76}},"8":{"start":{"line":26,"column":4},"end":{"line":38,"column":7}},"9":{"start":{"line":28,"column":6},"end":{"line":33,"column":7}},"10":{"start":{"line":29,"column":8},"end":{"line":32,"column":9}},"11":{"start":{"line":31,"column":10},"end":{"line":31,"column":17}},"12":{"start":{"line":35,"column":6},"end":{"line":35,"column":50}},"13":{"start":{"line":36,"column":6},"end":{"line":36,"column":27}},"14":{"start":{"line":37,"column":6},"end":{"line":37,"column":74}},"15":{"start":{"line":39,"column":4},"end":{"line":50,"column":7}},"16":{"start":{"line":41,"column":6},"end":{"line":46,"column":7}},"17":{"start":{"line":42,"column":8},"end":{"line":45,"column":9}},"18":{"start":{"line":44,"column":10},"end":{"line":44,"column":17}},"19":{"start":{"line":48,"column":6},"end":{"line":48,"column":50}},"20":{"start":{"line":49,"column":6},"end":{"line":49,"column":94}},"21":{"start":{"line":51,"column":4},"end":{"line":54,"column":7}},"22":{"start":{"line":52,"column":6},"end":{"line":52,"column":50}},"23":{"start":{"line":53,"column":6},"end":{"line":53,"column":94}},"24":{"start":{"line":55,"column":4},"end":{"line":59,"column":7}},"25":{"start":{"line":56,"column":6},"end":{"line":56,"column":50}},"26":{"start":{"line":57,"column":6},"end":{"line":57,"column":46}},"27":{"start":{"line":58,"column":6},"end":{"line":58,"column":96}},"28":{"start":{"line":61,"column":4},"end":{"line":61,"column":29}},"29":{"start":{"line":62,"column":4},"end":{"line":62,"column":29}},"30":{"start":{"line":19,"column":0},"end":{"line":64,"column":1}}},"branchMap":{"1":{"line":29,"type":"if","locations":[{"start":{"line":29,"column":8},"end":{"line":29,"column":8}},{"start":{"line":29,"column":8},"end":{"line":29,"column":8}}]},"2":{"line":42,"type":"if","locations":[{"start":{"line":42,"column":8},"end":{"line":42,"column":8}},{"start":{"line":42,"column":8},"end":{"line":42,"column":8}}]}},"l":{"1":1,"2":1,"3":1,"5":1,"19":1,"20":1,"21":1,"23":1,"26":1,"28":0,"29":0,"31":0,"35":0,"36":0,"37":0,"39":1,"41":4,"42":0,"44":0,"48":4,"49":4,"51":1,"52":0,"53":0,"55":1,"56":0,"57":0,"58":0,"61":1,"62":1}},
"/Users/hans/Sources/sdk/packages/@angular/schematics/src/sink/virtual-filesystem.ts":{"path":"/Users/hans/Sources/sdk/packages/@angular/schematics/src/sink/virtual-filesystem.ts","s":{"1":1,"2":1,"3":1,"4":1,"5":1,"6":2,"7":2,"8":2,"9":2,"10":2,"11":2,"12":2,"13":0,"14":0,"15":0,"16":0,"17":0,"18":0,"19":0,"20":0,"21":0,"22":0,"23":8,"24":0,"25":8,"26":0,"27":8,"28":0,"29":8,"30":0,"31":0,"32":0,"33":0,"34":0,"35":0,"36":8,"37":8,"38":0,"39":0,"40":0,"41":0,"42":0,"43":0,"44":0,"45":0,"46":0,"47":0,"48":0,"49":0,"50":0,"51":0,"52":0,"53":0,"54":0,"55":0,"56":0,"57":0,"58":0,"59":0,"60":0,"61":0,"62":1,"63":1,"64":1,"65":0,"66":1,"67":1,"68":1,"69":4,"70":1,"71":1,"72":1,"73":0,"74":1,"75":1},"b":{"1":[0,0],"2":[0,0],"3":[0,0],"4":[0,8],"5":[8,8],"6":[0,8],"7":[0,8],"8":[0,0],"9":[0,0],"10":[0,0],"11":[0,0],"12":[0,0]},"f":{"1":2,"2":0,"3":8,"4":0,"5":0,"6":0,"7":8,"8":0,"9":0,"10":0,"11":0,"12":0,"13":1},"fnMap":{"1":{"name":"(anonymous_1)","line":null,"loc":{"start":{"line":26,"column":2},"end":{"line":26,"column":37}}},"2":{"name":"(anonymous_2)","line":null,"loc":{"start":{"line":28,"column":21},"end":{"line":28,"column":31}}},"3":{"name":"(anonymous_3)","line":null,"loc":{"start":{"line":47,"column":31},"end":{"line":47,"column":41}}},"4":{"name":"(anonymous_4)","line":null,"loc":{"start":{"line":59,"column":30},"end":{"line":59,"column":55}}},"5":{"name":"(anonymous_5)","line":null,"loc":{"start":{"line":64,"column":23},"end":{"line":64,"column":53}}},"6":{"name":"(anonymous_6)","line":null,"loc":{"start":{"line":68,"column":26},"end":{"line":68,"column":56}}},"7":{"name":"(anonymous_7)","line":null,"loc":{"start":{"line":72,"column":23},"end":{"line":72,"column":53}}},"8":{"name":"(anonymous_8)","line":null,"loc":{"start":{"line":76,"column":23},"end":{"line":76,"column":48}}},"9":{"name":"(anonymous_9)","line":null,"loc":{"start":{"line":84,"column":23},"end":{"line":84,"column":36}}},"10":{"name":"(anonymous_10)","line":null,"loc":{"start":{"line":93,"column":30},"end":{"line":93,"column":75}}},"11":{"name":"(anonymous_11)","line":null,"loc":{"start":{"line":102,"column":31},"end":{"line":102,"column":76}}},"12":{"name":"(anonymous_12)","line":null,"loc":{"start":{"line":111,"column":26},"end":{"line":111,"column":70}}},"13":{"name":"(anonymous_13)","line":null,"loc":{"start":{"line":121,"column":25},"end":{"line":121,"column":36}}}},"statementMap":{"1":{"start":{"line":2,"column":0},"end":{"line":2,"column":62}},"2":{"start":{"line":1,"column":0},"end":{"line":1,"column":38}},"3":{"start":{"line":2,"column":0},"end":{"line":2,"column":58}},"4":{"start":{"line":3,"column":0},"end":{"line":3,"column":54}},"5":{"start":{"line":5,"column":0},"end":{"line":5,"column":26}},"6":{"start":{"line":26,"column":41},"end":{"line":26,"column":49}},"7":{"start":{"line":26,"column":24},"end":{"line":26,"column":37}},"8":{"start":{"line":20,"column":12},"end":{"line":20,"column":47}},"9":{"start":{"line":21,"column":12},"end":{"line":21,"column":57}},"10":{"start":{"line":22,"column":12},"end":{"line":22,"column":61}},"11":{"start":{"line":23,"column":12},"end":{"line":23,"column":61}},"12":{"start":{"line":24,"column":12},"end":{"line":24,"column":61}},"13":{"start":{"line":29,"column":4},"end":{"line":29,"column":51}},"14":{"start":{"line":30,"column":4},"end":{"line":32,"column":5}},"15":{"start":{"line":31,"column":6},"end":{"line":31,"column":42}},"16":{"start":{"line":34,"column":4},"end":{"line":34,"column":51}},"17":{"start":{"line":35,"column":4},"end":{"line":37,"column":5}},"18":{"start":{"line":36,"column":6},"end":{"line":36,"column":42}},"19":{"start":{"line":39,"column":4},"end":{"line":39,"column":50}},"20":{"start":{"line":40,"column":4},"end":{"line":42,"column":5}},"21":{"start":{"line":41,"column":6},"end":{"line":41,"column":41}},"22":{"start":{"line":44,"column":4},"end":{"line":44,"column":43}},"23":{"start":{"line":48,"column":4},"end":{"line":56,"column":5}},"24":{"start":{"line":49,"column":6},"end":{"line":49,"column":35}},"25":{"start":{"line":50,"column":11},"end":{"line":56,"column":5}},"26":{"start":{"line":51,"column":6},"end":{"line":51,"column":36}},"27":{"start":{"line":52,"column":11},"end":{"line":56,"column":5}},"28":{"start":{"line":53,"column":6},"end":{"line":53,"column":35}},"29":{"start":{"line":55,"column":6},"end":{"line":55,"column":36}},"30":{"start":{"line":60,"column":4},"end":{"line":61,"column":62}},"31":{"start":{"line":61,"column":23},"end":{"line":61,"column":60}},"32":{"start":{"line":65,"column":4},"end":{"line":65,"column":61}},"33":{"start":{"line":66,"column":4},"end":{"line":66,"column":29}},"34":{"start":{"line":69,"column":4},"end":{"line":69,"column":61}},"35":{"start":{"line":70,"column":4},"end":{"line":70,"column":29}},"36":{"start":{"line":73,"column":4},"end":{"line":73,"column":61}},"37":{"start":{"line":74,"column":4},"end":{"line":74,"column":29}},"38":{"start":{"line":77,"column":4},"end":{"line":77,"column":40}},"39":{"start":{"line":79,"column":4},"end":{"line":82,"column":22}},"40":{"start":{"line":80,"column":22},"end":{"line":80,"column":57}},"41":{"start":{"line":81,"column":18},"end":{"line":81,"column":47}},"42":{"start":{"line":85,"column":4},"end":{"line":90,"column":5}},"43":{"start":{"line":86,"column":6},"end":{"line":86,"column":39}},"44":{"start":{"line":87,"column":6},"end":{"line":87,"column":39}},"45":{"start":{"line":89,"column":6},"end":{"line":89,"column":36}},"46":{"start":{"line":91,"column":4},"end":{"line":91,"column":29}},"47":{"start":{"line":94,"column":4},"end":{"line":100,"column":7}},"48":{"start":{"line":95,"column":6},"end":{"line":98,"column":7}},"49":{"start":{"line":96,"column":8},"end":{"line":96,"column":41}},"50":{"start":{"line":97,"column":8},"end":{"line":97,"column":41}},"51":{"start":{"line":99,"column":6},"end":{"line":99,"column":35}},"52":{"start":{"line":103,"column":4},"end":{"line":109,"column":7}},"53":{"start":{"line":104,"column":6},"end":{"line":107,"column":7}},"54":{"start":{"line":105,"column":8},"end":{"line":105,"column":41}},"55":{"start":{"line":106,"column":8},"end":{"line":106,"column":41}},"56":{"start":{"line":108,"column":6},"end":{"line":108,"column":36}},"57":{"start":{"line":112,"column":4},"end":{"line":118,"column":7}},"58":{"start":{"line":113,"column":6},"end":{"line":116,"column":7}},"59":{"start":{"line":114,"column":8},"end":{"line":114,"column":41}},"60":{"start":{"line":115,"column":8},"end":{"line":115,"column":41}},"61":{"start":{"line":117,"column":6},"end":{"line":117,"column":30}},"62":{"start":{"line":123,"column":4},"end":{"line":145,"column":22}},"63":{"start":{"line":125,"column":8},"end":{"line":125,"column":44}},"64":{"start":{"line":126,"column":8},"end":{"line":128,"column":11}},"65":{"start":{"line":127,"column":10},"end":{"line":127,"column":61}},"66":{"start":{"line":129,"column":8},"end":{"line":129,"column":37}},"67":{"start":{"line":132,"column":8},"end":{"line":132,"column":44}},"68":{"start":{"line":133,"column":8},"end":{"line":135,"column":11}},"69":{"start":{"line":134,"column":10},"end":{"line":134,"column":79}},"70":{"start":{"line":136,"column":8},"end":{"line":136,"column":37}},"71":{"start":{"line":139,"column":8},"end":{"line":139,"column":44}},"72":{"start":{"line":140,"column":8},"end":{"line":142,"column":11}},"73":{"start":{"line":141,"column":10},"end":{"line":141,"column":79}},"74":{"start":{"line":143,"column":8},"end":{"line":143,"column":37}},"75":{"start":{"line":19,"column":0},"end":{"line":147,"column":1}}},"branchMap":{"1":{"line":30,"type":"if","locations":[{"start":{"line":30,"column":4},"end":{"line":30,"column":4}},{"start":{"line":30,"column":4},"end":{"line":30,"column":4}}]},"2":{"line":35,"type":"if","locations":[{"start":{"line":35,"column":4},"end":{"line":35,"column":4}},{"start":{"line":35,"column":4},"end":{"line":35,"column":4}}]},"3":{"line":40,"type":"if","locations":[{"start":{"line":40,"column":4},"end":{"line":40,"column":4}},{"start":{"line":40,"column":4},"end":{"line":40,"column":4}}]},"4":{"line":48,"type":"if","locations":[{"start":{"line":48,"column":4},"end":{"line":48,"column":4}},{"start":{"line":48,"column":4},"end":{"line":48,"column":4}}]},"5":{"line":48,"type":"binary-expr","locations":[{"start":{"line":48,"column":8},"end":{"line":48,"column":34}},{"start":{"line":48,"column":38},"end":{"line":48,"column":64}}]},"6":{"line":50,"type":"if","locations":[{"start":{"line":50,"column":11},"end":{"line":50,"column":11}},{"start":{"line":50,"column":11},"end":{"line":50,"column":11}}]},"7":{"line":52,"type":"if","locations":[{"start":{"line":52,"column":11},"end":{"line":52,"column":11}},{"start":{"line":52,"column":11},"end":{"line":52,"column":11}}]},"8":{"line":61,"type":"binary-expr","locations":[{"start":{"line":61,"column":23},"end":{"line":61,"column":33}},{"start":{"line":61,"column":37},"end":{"line":61,"column":60}}]},"9":{"line":85,"type":"if","locations":[{"start":{"line":85,"column":4},"end":{"line":85,"column":4}},{"start":{"line":85,"column":4},"end":{"line":85,"column":4}}]},"10":{"line":95,"type":"if","locations":[{"start":{"line":95,"column":6},"end":{"line":95,"column":6}},{"start":{"line":95,"column":6},"end":{"line":95,"column":6}}]},"11":{"line":104,"type":"if","locations":[{"start":{"line":104,"column":6},"end":{"line":104,"column":6}},{"start":{"line":104,"column":6},"end":{"line":104,"column":6}}]},"12":{"line":113,"type":"if","locations":[{"start":{"line":113,"column":6},"end":{"line":113,"column":6}},{"start":{"line":113,"column":6},"end":{"line":113,"column":6}}]}},"l":{"1":1,"2":1,"3":1,"5":1,"19":1,"20":2,"21":2,"22":2,"23":2,"24":2,"26":2,"29":0,"30":0,"31":0,"34":0,"35":0,"36":0,"39":0,"40":0,"41":0,"44":0,"48":8,"49":0,"50":8,"51":0,"52":8,"53":0,"55":8,"60":0,"61":0,"65":0,"66":0,"69":0,"70":0,"73":8,"74":8,"77":0,"79":0,"80":0,"81":0,"85":0,"86":0,"87":0,"89":0,"91":0,"94":0,"95":0,"96":0,"97":0,"99":0,"103":0,"104":0,"105":0,"106":0,"108":0,"112":0,"113":0,"114":0,"115":0,"117":0,"123":1,"125":1,"126":1,"127":0,"129":1,"132":1,"133":1,"134":4,"136":1,"139":1,"140":1,"141":0,"143":1}},
"/Users/hans/Sources/sdk/packages/@angular/schematics/src/sink/sink.ts":{"path":"/Users/hans/Sources/sdk/packages/@angular/schematics/src/sink/sink.ts","s":{"1":1,"2":1,"3":1,"4":1,"5":1,"6":1,"7":1,"8":2,"9":2,"10":2,"11":2,"12":2,"13":2,"14":2,"15":8,"16":0,"17":0,"18":0,"19":0,"20":8,"21":8,"22":0,"23":0,"24":0,"25":0,"26":0,"27":0,"28":0,"29":0,"30":0,"31":0,"32":0,"33":0,"34":0,"35":0,"36":0,"37":0,"38":8,"39":8,"40":8,"41":8,"42":8,"43":8,"44":0,"45":0,"46":8,"47":0,"48":0,"49":2,"50":2,"51":2,"52":2,"53":2,"54":8,"55":8,"56":8,"57":8,"58":8,"59":2,"60":2,"61":1},"b":{"1":[0,0,8,0,0,0],"2":[0,0],"3":[0,8],"4":[0,0],"5":[0,0],"6":[0,0],"7":[8,0],"8":[8,0],"9":[0,0,8,0,0],"10":[8,8],"11":[8,8]},"f":{"1":28,"2":2,"3":8,"4":0,"5":8,"6":2},"fnMap":{"1":{"name":"(anonymous_1)","line":28,"loc":{"start":{"line":28,"column":18},"end":{"line":28,"column":18}}},"2":{"name":"(anonymous_2)","line":null,"loc":{"start":{"line":31,"column":0},"end":{"line":31,"column":0}}},"3":{"name":"(anonymous_3)","line":null,"loc":{"start":{"line":58,"column":31},"end":{"line":58,"column":46}}},"4":{"name":"(anonymous_4)","line":null,"loc":{"start":{"line":101,"column":10},"end":{"line":101,"column":38}}},"5":{"name":"(anonymous_5)","line":null,"loc":{"start":{"line":110,"column":29},"end":{"line":110,"column":60}}},"6":{"name":"(anonymous_6)","line":null,"loc":{"start":{"line":136,"column":8},"end":{"line":136,"column":33}}}},"statementMap":{"1":{"start":{"line":2,"column":0},"end":{"line":2,"column":62}},"2":{"start":{"line":1,"column":0},"end":{"line":1,"column":59}},"3":{"start":{"line":2,"column":0},"end":{"line":7,"column":25}},"4":{"start":{"line":10,"column":0},"end":{"line":10,"column":43}},"5":{"start":{"line":11,"column":0},"end":{"line":11,"column":37}},"6":{"start":{"line":12,"column":0},"end":{"line":12,"column":37}},"7":{"start":{"line":28,"column":0},"end":{"line":28,"column":32}},"8":{"start":{"line":32,"column":2},"end":{"line":32,"column":33}},"9":{"start":{"line":33,"column":2},"end":{"line":33,"column":66}},"10":{"start":{"line":34,"column":2},"end":{"line":34,"column":34}},"11":{"start":{"line":36,"column":2},"end":{"line":36,"column":85}},"12":{"start":{"line":37,"column":2},"end":{"line":37,"column":68}},"13":{"start":{"line":38,"column":2},"end":{"line":38,"column":47}},"14":{"start":{"line":39,"column":2},"end":{"line":39,"column":48}},"15":{"start":{"line":59,"column":4},"end":{"line":97,"column":5}},"16":{"start":{"line":61,"column":8},"end":{"line":61,"column":33}},"17":{"start":{"line":63,"column":8},"end":{"line":64,"column":88}},"18":{"start":{"line":64,"column":23},"end":{"line":64,"column":84}},"19":{"start":{"line":64,"column":33},"end":{"line":64,"column":82}},"20":{"start":{"line":66,"column":8},"end":{"line":67,"column":87}},"21":{"start":{"line":67,"column":23},"end":{"line":67,"column":83}},"22":{"start":{"line":67,"column":32},"end":{"line":67,"column":81}},"23":{"start":{"line":69,"column":8},"end":{"line":72,"column":85}},"24":{"start":{"line":70,"column":23},"end":{"line":70,"column":84}},"25":{"start":{"line":70,"column":33},"end":{"line":70,"column":82}},"26":{"start":{"line":71,"column":22},"end":{"line":71,"column":57}},"27":{"start":{"line":72,"column":23},"end":{"line":72,"column":81}},"28":{"start":{"line":72,"column":32},"end":{"line":72,"column":79}},"29":{"start":{"line":74,"column":8},"end":{"line":75,"column":88}},"30":{"start":{"line":75,"column":23},"end":{"line":75,"column":84}},"31":{"start":{"line":75,"column":33},"end":{"line":75,"column":82}},"32":{"start":{"line":96,"column":15},"end":{"line":96,"column":56}},"33":{"start":{"line":102,"column":4},"end":{"line":107,"column":39}},"34":{"start":{"line":103,"column":18},"end":{"line":103,"column":36}},"35":{"start":{"line":104,"column":18},"end":{"line":106,"column":20}},"36":{"start":{"line":105,"column":8},"end":{"line":105,"column":94}},"37":{"start":{"line":107,"column":18},"end":{"line":107,"column":37}},"38":{"start":{"line":111,"column":4},"end":{"line":133,"column":9}},"39":{"start":{"line":113,"column":8},"end":{"line":115,"column":9}},"40":{"start":{"line":114,"column":10},"end":{"line":114,"column":45}},"41":{"start":{"line":118,"column":8},"end":{"line":120,"column":9}},"42":{"start":{"line":119,"column":10},"end":{"line":119,"column":52}},"43":{"start":{"line":123,"column":8},"end":{"line":132,"column":9}},"44":{"start":{"line":124,"column":20},"end":{"line":124,"column":73}},"45":{"start":{"line":125,"column":20},"end":{"line":125,"column":76}},"46":{"start":{"line":126,"column":20},"end":{"line":126,"column":73}},"47":{"start":{"line":127,"column":20},"end":{"line":127,"column":68}},"48":{"start":{"line":128,"column":20},"end":{"line":128,"column":57}},"49":{"start":{"line":137,"column":4},"end":{"line":137,"column":37}},"50":{"start":{"line":138,"column":4},"end":{"line":138,"column":49}},"51":{"start":{"line":139,"column":4},"end":{"line":151,"column":37}},"52":{"start":{"line":140,"column":18},"end":{"line":140,"column":34}},"53":{"start":{"line":141,"column":18},"end":{"line":149,"column":20}},"54":{"start":{"line":142,"column":8},"end":{"line":148,"column":77}},"55":{"start":{"line":143,"column":28},"end":{"line":143,"column":56}},"56":{"start":{"line":145,"column":12},"end":{"line":146,"column":39}},"57":{"start":{"line":146,"column":26},"end":{"line":146,"column":37}},"58":{"start":{"line":148,"column":31},"end":{"line":148,"column":75}},"59":{"start":{"line":150,"column":18},"end":{"line":150,"column":30}},"60":{"start":{"line":151,"column":18},"end":{"line":151,"column":35}},"61":{"start":{"line":31,"column":0},"end":{"line":153,"column":1}}},"branchMap":{"1":{"line":59,"type":"switch","locations":[{"start":{"line":60,"column":6},"end":{"line":61,"column":33}},{"start":{"line":62,"column":6},"end":{"line":64,"column":88}},{"start":{"line":65,"column":6},"end":{"line":67,"column":87}},{"start":{"line":68,"column":6},"end":{"line":72,"column":85}},{"start":{"line":73,"column":6},"end":{"line":75,"column":88}},{"start":{"line":96,"column":6},"end":{"line":96,"column":56}}]},"2":{"line":64,"type":"if","locations":[{"start":{"line":64,"column":23},"end":{"line":64,"column":23}},{"start":{"line":64,"column":23},"end":{"line":64,"column":23}}]},"3":{"line":67,"type":"if","locations":[{"start":{"line":67,"column":23},"end":{"line":67,"column":23}},{"start":{"line":67,"column":23},"end":{"line":67,"column":23}}]},"4":{"line":70,"type":"if","locations":[{"start":{"line":70,"column":23},"end":{"line":70,"column":23}},{"start":{"line":70,"column":23},"end":{"line":70,"column":23}}]},"5":{"line":72,"type":"if","locations":[{"start":{"line":72,"column":23},"end":{"line":72,"column":23}},{"start":{"line":72,"column":23},"end":{"line":72,"column":23}}]},"6":{"line":75,"type":"if","locations":[{"start":{"line":75,"column":23},"end":{"line":75,"column":23}},{"start":{"line":75,"column":23},"end":{"line":75,"column":23}}]},"7":{"line":113,"type":"if","locations":[{"start":{"line":113,"column":8},"end":{"line":113,"column":8}},{"start":{"line":113,"column":8},"end":{"line":113,"column":8}}]},"8":{"line":118,"type":"if","locations":[{"start":{"line":118,"column":8},"end":{"line":118,"column":8}},{"start":{"line":118,"column":8},"end":{"line":118,"column":8}}]},"9":{"line":123,"type":"switch","locations":[{"start":{"line":124,"column":10},"end":{"line":124,"column":73}},{"start":{"line":125,"column":10},"end":{"line":125,"column":76}},{"start":{"line":126,"column":10},"end":{"line":126,"column":73}},{"start":{"line":127,"column":10},"end":{"line":127,"column":68}},{"start":{"line":128,"column":10},"end":{"line":128,"column":57}}]},"10":{"line":145,"type":"binary-expr","locations":[{"start":{"line":145,"column":44},"end":{"line":145,"column":55}},{"start":{"line":145,"column":59},"end":{"line":145,"column":65}}]},"11":{"line":148,"type":"binary-expr","locations":[{"start":{"line":148,"column":53},"end":{"line":148,"column":64}},{"start":{"line":148,"column":68},"end":{"line":148,"column":74}}]}},"l":{"1":1,"2":1,"10":1,"11":1,"12":1,"28":1,"31":1,"32":2,"33":2,"34":2,"36":2,"37":2,"38":2,"39":2,"59":8,"61":0,"63":0,"64":0,"66":8,"67":8,"69":0,"70":0,"71":0,"72":0,"74":0,"75":0,"96":0,"102":0,"103":0,"104":0,"105":0,"107":0,"111":8,"113":8,"114":8,"118":8,"119":8,"123":8,"124":0,"125":0,"126":8,"127":0,"128":0,"137":2,"138":2,"139":2,"140":2,"141":2,"142":8,"143":8,"145":8,"146":8,"148":8,"150":2,"151":2}},
"/Users/hans/Sources/sdk/packages/@angular/schematics/src/action.ts":{"path":"/Users/hans/Sources/sdk/packages/@angular/schematics/src/action.ts","s":{"1":1,"2":1,"3":0,"4":1,"5":1,"6":4,"7":1},"b":{"1":[4,4,4,4]},"f":{"1":0,"2":4},"fnMap":{"1":{"name":"(anonymous_1)","line":null,"loc":{"start":{"line":5,"column":2},"end":{"line":5,"column":28}}},"2":{"name":"isContentAction","line":91,"loc":{"start":{"line":91,"column":0},"end":{"line":91,"column":46}}}},"statementMap":{"1":{"start":{"line":2,"column":0},"end":{"line":2,"column":62}},"2":{"start":{"line":1,"column":0},"end":{"line":1,"column":42}},"3":{"start":{"line":6,"column":4},"end":{"line":6,"column":47}},"4":{"start":{"line":4,"column":0},"end":{"line":8,"column":1}},"5":{"start":{"line":91,"column":0},"end":{"line":96,"column":1}},"6":{"start":{"line":92,"column":2},"end":{"line":95,"column":29}},"7":{"start":{"line":91,"column":0},"end":{"line":96,"column":1}}},"branchMap":{"1":{"line":92,"type":"binary-expr","locations":[{"start":{"line":92,"column":9},"end":{"line":92,"column":27}},{"start":{"line":93,"column":9},"end":{"line":93,"column":27}},{"start":{"line":94,"column":9},"end":{"line":94,"column":28}},{"start":{"line":95,"column":9},"end":{"line":95,"column":28}}]}},"l":{"1":1,"2":1,"4":1,"6":0,"91":1,"92":4}},
"/Users/hans/Sources/sdk/packages/@angular/schematics/src/tree/virtual.ts":{"path":"/Users/hans/Sources/sdk/packages/@angular/schematics/src/tree/virtual.ts","s":{"1":1,"2":1,"3":1,"4":1,"5":1,"6":1,"7":1,"8":1,"9":2,"10":1,"11":0,"12":1,"13":0,"14":1,"15":0,"16":1,"17":0,"18":1,"19":40,"20":40,"21":3,"22":24,"23":1,"24":3,"25":3,"26":3,"27":0,"28":0,"29":1,"30":3,"31":3,"32":3,"33":3,"34":3,"35":3,"36":0,"37":0,"38":0,"39":0,"40":3,"41":0,"42":3,"43":1,"44":36,"45":36,"46":36,"47":36,"48":6,"49":6,"50":6,"51":13,"52":13,"53":13,"54":6,"55":0,"56":0,"57":0,"58":6,"59":16,"60":31,"61":0,"62":0,"63":0,"64":0,"65":61,"66":21,"67":21,"68":15,"69":6,"70":6,"71":6,"72":18,"73":9,"74":16,"75":16,"76":16,"77":4,"78":4,"79":1,"80":3,"81":3,"82":3,"83":3,"84":3,"85":0,"86":3,"87":3,"88":0,"89":4,"90":4,"91":0,"92":4,"93":4,"94":4,"95":4,"96":0,"97":4,"98":0,"99":4,"100":4,"101":4,"102":4,"103":4,"104":1,"105":4,"106":4,"107":3,"108":3,"109":3,"110":0,"111":3,"112":3,"113":0,"114":3,"115":3,"116":0,"117":0,"118":0,"119":0,"120":0,"121":0,"122":0,"123":0,"124":0,"125":0,"126":0,"127":0,"128":0,"129":23,"130":23,"131":0,"132":23,"133":13,"134":23,"135":23,"136":23,"137":0,"138":0,"139":0,"140":0,"141":0,"142":0,"143":0,"144":0,"145":0,"146":0,"147":0,"148":0,"149":0,"150":0,"151":0,"152":0,"153":0,"154":0,"155":0,"156":0,"157":0,"158":0,"159":0,"160":0,"161":0,"162":0,"163":0,"164":0,"165":0,"166":0,"167":0,"168":0,"169":0,"170":0,"171":0,"172":0,"173":0,"174":0,"175":0,"176":0,"177":0,"178":0,"179":0,"180":0,"181":0,"182":0,"183":0,"184":0,"185":10,"186":1,"187":1,"188":1,"189":3,"190":3,"191":1,"192":1,"193":1,"194":0,"195":1,"196":0,"197":0,"198":0,"199":0,"200":1,"201":0,"202":0,"203":0,"204":1,"205":1,"206":0,"207":0,"208":0,"209":0,"210":0,"211":0,"212":0,"213":0,"214":0,"215":0,"216":0,"217":1,"218":1,"219":1,"220":0,"221":1,"222":1},"b":{"1":[0,0],"2":[3,0],"3":[0,0],"4":[0,3],"5":[6,30],"6":[6,3],"7":[6,0],"8":[13,0],"9":[0,6],"10":[0,0],"11":[15,6],"12":[15,1],"13":[1,3],"14":[3,0],"15":[0,3],"16":[0,4],"17":[0,4],"18":[0,4],"19":[4,0],"20":[4,0],"21":[4,4],"22":[1,3],"23":[0,3],"24":[0,0],"25":[0,0],"26":[0,23],"27":[13,10],"28":[0,0],"29":[0,0],"30":[0,0],"31":[0,0],"32":[0,0],"33":[0,0],"34":[0,0],"35":[0,0],"36":[0,0],"37":[0,0],"38":[0,0],"39":[0,0],"40":[0,0,0],"41":[0,0,0],"42":[0,0],"43":[0,1],"44":[1,0],"45":[0,0,1,0,0,0],"46":[0,1],"47":[0,0],"48":[0,0],"49":[0,0],"50":[1,0]},"f":{"1":2,"2":0,"3":0,"4":0,"5":0,"6":40,"7":3,"8":24,"9":3,"10":0,"11":0,"12":3,"13":3,"14":3,"15":0,"16":0,"17":3,"18":36,"19":61,"20":21,"21":21,"22":9,"23":16,"24":4,"25":3,"26":4,"27":3,"28":0,"29":0,"30":0,"31":23,"32":0,"33":0,"34":0,"35":10,"36":1,"37":1,"38":1,"39":0,"40":1},"fnMap":{"1":{"name":"(anonymous_1)","line":null,"loc":{"start":{"line":22,"column":2},"end":{"line":22,"column":26}}},"2":{"name":"(anonymous_2)","line":null,"loc":{"start":{"line":25,"column":2},"end":{"line":25,"column":26}}},"3":{"name":"(anonymous_3)","line":null,"loc":{"start":{"line":28,"column":2},"end":{"line":28,"column":41}}},"4":{"name":"(anonymous_4)","line":null,"loc":{"start":{"line":33,"column":2},"end":{"line":33,"column":26}}},"5":{"name":"(anonymous_5)","line":null,"loc":{"start":{"line":38,"column":2},"end":{"line":38,"column":37}}},"6":{"name":"(anonymous_6)","line":null,"loc":{"start":{"line":51,"column":2},"end":{"line":51,"column":61}}},"7":{"name":"(anonymous_7)","line":null,"loc":{"start":{"line":53,"column":10},"end":{"line":53,"column":10}}},"8":{"name":"(anonymous_8)","line":null,"loc":{"start":{"line":54,"column":13},"end":{"line":54,"column":13}}},"9":{"name":"(anonymous_9)","line":null,"loc":{"start":{"line":61,"column":2},"end":{"line":61,"column":77}}},"10":{"name":"(anonymous_10)","line":null,"loc":{"start":{"line":63,"column":10},"end":{"line":63,"column":10}}},"11":{"name":"(anonymous_11)","line":null,"loc":{"start":{"line":64,"column":13},"end":{"line":64,"column":13}}},"12":{"name":"(anonymous_12)","line":null,"loc":{"start":{"line":73,"column":2},"end":{"line":73,"column":30}}},"13":{"name":"(anonymous_13)","line":null,"loc":{"start":{"line":79,"column":10},"end":{"line":79,"column":10}}},"14":{"name":"(anonymous_14)","line":null,"loc":{"start":{"line":82,"column":12},"end":{"line":82,"column":52}}},"15":{"name":"(anonymous_15)","line":null,"loc":{"start":{"line":86,"column":13},"end":{"line":86,"column":53}}},"16":{"name":"(anonymous_16)","line":null,"loc":{"start":{"line":90,"column":8},"end":{"line":90,"column":38}}},"17":{"name":"(anonymous_17)","line":null,"loc":{"start":{"line":95,"column":7},"end":{"line":95,"column":23}}},"18":{"name":"(anonymous_18)","line":null,"loc":{"start":{"line":108,"column":2},"end":{"line":108,"column":90}}},"19":{"name":"(anonymous_19)","line":null,"loc":{"start":{"line":141,"column":26},"end":{"line":141,"column":39}}},"20":{"name":"(anonymous_20)","line":null,"loc":{"start":{"line":145,"column":11},"end":{"line":145,"column":11}}},"21":{"name":"(anonymous_21)","line":null,"loc":{"start":{"line":147,"column":6},"end":{"line":147,"column":18}}},"22":{"name":"(anonymous_22)","line":null,"loc":{"start":{"line":158,"column":8},"end":{"line":158,"column":21}}},"23":{"name":"(anonymous_23)","line":null,"loc":{"start":{"line":162,"column":6},"end":{"line":162,"column":19}}},"24":{"name":"(anonymous_24)","line":null,"loc":{"start":{"line":168,"column":13},"end":{"line":168,"column":26}}},"25":{"name":"(anonymous_25)","line":null,"loc":{"start":{"line":175,"column":14},"end":{"line":175,"column":37}}},"26":{"name":"(anonymous_26)","line":null,"loc":{"start":{"line":191,"column":11},"end":{"line":191,"column":50}}},"27":{"name":"(anonymous_27)","line":null,"loc":{"start":{"line":225,"column":27},"end":{"line":225,"column":75}}},"28":{"name":"(anonymous_28)","line":null,"loc":{"start":{"line":236,"column":17},"end":{"line":236,"column":17}}},"29":{"name":"(anonymous_29)","line":null,"loc":{"start":{"line":242,"column":23},"end":{"line":242,"column":53}}},"30":{"name":"(anonymous_30)","line":null,"loc":{"start":{"line":254,"column":26},"end":{"line":254,"column":56}}},"31":{"name":"(anonymous_31)","line":null,"loc":{"start":{"line":265,"column":8},"end":{"line":265,"column":47}}},"32":{"name":"(anonymous_32)","line":null,"loc":{"start":{"line":278,"column":6},"end":{"line":278,"column":31}}},"33":{"name":"(anonymous_33)","line":null,"loc":{"start":{"line":286,"column":8},"end":{"line":286,"column":33}}},"34":{"name":"(anonymous_34)","line":null,"loc":{"start":{"line":325,"column":8},"end":{"line":325,"column":21}}},"35":{"name":"(anonymous_35)","line":null,"loc":{"start":{"line":359,"column":13},"end":{"line":359,"column":13}}},"36":{"name":"(anonymous_36)","line":null,"loc":{"start":{"line":365,"column":15},"end":{"line":365,"column":57}}},"37":{"name":"(anonymous_37)","line":null,"loc":{"start":{"line":370,"column":18},"end":{"line":370,"column":43}}},"38":{"name":"(anonymous_38)","line":null,"loc":{"start":{"line":380,"column":27},"end":{"line":382,"column":51}}},"39":{"name":"(anonymous_39)","line":null,"loc":{"start":{"line":418,"column":30},"end":{"line":420,"column":54}}},"40":{"name":"(anonymous_40)","line":null,"loc":{"start":{"line":434,"column":14},"end":{"line":434,"column":63}}}},"statementMap":{"1":{"start":{"line":2,"column":0},"end":{"line":2,"column":62}},"2":{"start":{"line":1,"column":0},"end":{"line":1,"column":32}},"3":{"start":{"line":2,"column":0},"end":{"line":11,"column":19}},"4":{"start":{"line":12,"column":0},"end":{"line":12,"column":43}},"5":{"start":{"line":13,"column":0},"end":{"line":13,"column":46}},"6":{"start":{"line":15,"column":0},"end":{"line":15,"column":36}},"7":{"start":{"line":16,"column":0},"end":{"line":16,"column":65}},"8":{"start":{"line":17,"column":0},"end":{"line":17,"column":54}},"9":{"start":{"line":22,"column":30},"end":{"line":22,"column":70}},"10":{"start":{"line":21,"column":0},"end":{"line":23,"column":1}},"11":{"start":{"line":25,"column":30},"end":{"line":25,"column":69}},"12":{"start":{"line":24,"column":0},"end":{"line":26,"column":1}},"13":{"start":{"line":29,"column":4},"end":{"line":29,"column":82}},"14":{"start":{"line":27,"column":0},"end":{"line":31,"column":1}},"15":{"start":{"line":34,"column":4},"end":{"line":34,"column":95}},"16":{"start":{"line":32,"column":0},"end":{"line":36,"column":1}},"17":{"start":{"line":39,"column":4},"end":{"line":39,"column":38}},"18":{"start":{"line":37,"column":0},"end":{"line":41,"column":1}},"19":{"start":{"line":51,"column":22},"end":{"line":51,"column":35}},"20":{"start":{"line":51,"column":45},"end":{"line":51,"column":61}},"21":{"start":{"line":53,"column":15},"end":{"line":53,"column":33}},"22":{"start":{"line":54,"column":18},"end":{"line":54,"column":39}},"23":{"start":{"line":50,"column":0},"end":{"line":55,"column":1}},"24":{"start":{"line":61,"column":22},"end":{"line":61,"column":35}},"25":{"start":{"line":61,"column":45},"end":{"line":61,"column":77}},"26":{"start":{"line":59,"column":10},"end":{"line":59,"column":41}},"27":{"start":{"line":63,"column":15},"end":{"line":63,"column":33}},"28":{"start":{"line":64,"column":18},"end":{"line":64,"column":83}},"29":{"start":{"line":58,"column":0},"end":{"line":65,"column":1}},"30":{"start":{"line":74,"column":4},"end":{"line":74,"column":47}},"31":{"start":{"line":75,"column":4},"end":{"line":75,"column":52}},"32":{"start":{"line":76,"column":4},"end":{"line":76,"column":28}},"33":{"start":{"line":79,"column":15},"end":{"line":79,"column":33}},"34":{"start":{"line":83,"column":4},"end":{"line":83,"column":96}},"35":{"start":{"line":84,"column":4},"end":{"line":84,"column":16}},"36":{"start":{"line":87,"column":4},"end":{"line":87,"column":97}},"37":{"start":{"line":88,"column":4},"end":{"line":88,"column":16}},"38":{"start":{"line":91,"column":4},"end":{"line":91,"column":40}},"39":{"start":{"line":92,"column":4},"end":{"line":92,"column":16}},"40":{"start":{"line":96,"column":4},"end":{"line":98,"column":5}},"41":{"start":{"line":97,"column":6},"end":{"line":97,"column":55}},"42":{"start":{"line":99,"column":4},"end":{"line":99,"column":36}},"43":{"start":{"line":68,"column":0},"end":{"line":101,"column":1}},"44":{"start":{"line":109,"column":4},"end":{"line":109,"column":12}},"45":{"start":{"line":105,"column":12},"end":{"line":105,"column":36}},"46":{"start":{"line":106,"column":12},"end":{"line":106,"column":53}},"47":{"start":{"line":112,"column":4},"end":{"line":138,"column":5}},"48":{"start":{"line":113,"column":6},"end":{"line":113,"column":45}},"49":{"start":{"line":114,"column":6},"end":{"line":137,"column":7}},"50":{"start":{"line":115,"column":8},"end":{"line":120,"column":9}},"51":{"start":{"line":116,"column":10},"end":{"line":116,"column":42}},"52":{"start":{"line":117,"column":10},"end":{"line":119,"column":11}},"53":{"start":{"line":118,"column":12},"end":{"line":118,"column":73}},"54":{"start":{"line":122,"column":8},"end":{"line":129,"column":9}},"55":{"start":{"line":123,"column":10},"end":{"line":123,"column":29}},"56":{"start":{"line":124,"column":10},"end":{"line":126,"column":11}},"57":{"start":{"line":125,"column":12},"end":{"line":125,"column":76}},"58":{"start":{"line":128,"column":10},"end":{"line":128,"column":96}},"59":{"start":{"line":128,"column":60},"end":{"line":128,"column":93}},"60":{"start":{"line":128,"column":76},"end":{"line":128,"column":92}},"61":{"start":{"line":131,"column":8},"end":{"line":136,"column":9}},"62":{"start":{"line":132,"column":10},"end":{"line":132,"column":42}},"63":{"start":{"line":133,"column":10},"end":{"line":135,"column":11}},"64":{"start":{"line":134,"column":12},"end":{"line":134,"column":39}},"65":{"start":{"line":142,"column":4},"end":{"line":142,"column":31}},"66":{"start":{"line":145,"column":16},"end":{"line":145,"column":50}},"67":{"start":{"line":149,"column":4},"end":{"line":151,"column":5}},"68":{"start":{"line":150,"column":6},"end":{"line":150,"column":24}},"69":{"start":{"line":153,"column":4},"end":{"line":153,"column":37}},"70":{"start":{"line":154,"column":4},"end":{"line":154,"column":49}},"71":{"start":{"line":155,"column":4},"end":{"line":155,"column":52}},"72":{"start":{"line":155,"column":37},"end":{"line":155,"column":50}},"73":{"start":{"line":159,"column":4},"end":{"line":159,"column":57}},"74":{"start":{"line":163,"column":4},"end":{"line":163,"column":37}},"75":{"start":{"line":164,"column":4},"end":{"line":164,"column":43}},"76":{"start":{"line":165,"column":4},"end":{"line":165,"column":40}},"77":{"start":{"line":169,"column":4},"end":{"line":169,"column":43}},"78":{"start":{"line":170,"column":4},"end":{"line":172,"column":5}},"79":{"start":{"line":171,"column":6},"end":{"line":171,"column":48}},"80":{"start":{"line":173,"column":4},"end":{"line":173,"column":41}},"81":{"start":{"line":176,"column":4},"end":{"line":187,"column":5}},"82":{"start":{"line":177,"column":6},"end":{"line":177,"column":31}},"83":{"start":{"line":178,"column":6},"end":{"line":178,"column":45}},"84":{"start":{"line":179,"column":6},"end":{"line":184,"column":7}},"85":{"start":{"line":180,"column":8},"end":{"line":180,"column":51}},"86":{"start":{"line":182,"column":8},"end":{"line":182,"column":55}},"87":{"start":{"line":183,"column":8},"end":{"line":183,"column":41}},"88":{"start":{"line":186,"column":6},"end":{"line":186,"column":53}},"89":{"start":{"line":192,"column":4},"end":{"line":192,"column":37}},"90":{"start":{"line":193,"column":4},"end":{"line":195,"column":5}},"91":{"start":{"line":194,"column":6},"end":{"line":194,"column":48}},"92":{"start":{"line":200,"column":4},"end":{"line":200,"column":19}},"93":{"start":{"line":201,"column":4},"end":{"line":214,"column":5}},"94":{"start":{"line":202,"column":6},"end":{"line":202,"column":38}},"95":{"start":{"line":203,"column":6},"end":{"line":213,"column":7}},"96":{"start":{"line":204,"column":8},"end":{"line":204,"column":35}},"97":{"start":{"line":205,"column":13},"end":{"line":213,"column":7}},"98":{"start":{"line":208,"column":8},"end":{"line":208,"column":14}},"99":{"start":{"line":209,"column":13},"end":{"line":213,"column":7}},"100":{"start":{"line":210,"column":8},"end":{"line":210,"column":19}},"101":{"start":{"line":211,"column":8},"end":{"line":211,"column":35}},"102":{"start":{"line":212,"column":8},"end":{"line":212,"column":14}},"103":{"start":{"line":216,"column":4},"end":{"line":218,"column":5}},"104":{"start":{"line":217,"column":6},"end":{"line":217,"column":45}},"105":{"start":{"line":220,"column":4},"end":{"line":220,"column":90}},"106":{"start":{"line":221,"column":4},"end":{"line":221,"column":65}},"107":{"start":{"line":226,"column":4},"end":{"line":226,"column":37}},"108":{"start":{"line":227,"column":4},"end":{"line":227,"column":43}},"109":{"start":{"line":228,"column":4},"end":{"line":230,"column":5}},"110":{"start":{"line":229,"column":6},"end":{"line":229,"column":13}},"111":{"start":{"line":232,"column":4},"end":{"line":232,"column":53}},"112":{"start":{"line":233,"column":4},"end":{"line":237,"column":6}},"113":{"start":{"line":236,"column":22},"end":{"line":236,"column":46}},"114":{"start":{"line":238,"column":4},"end":{"line":238,"column":31}},"115":{"start":{"line":239,"column":4},"end":{"line":239,"column":39}},"116":{"start":{"line":243,"column":4},"end":{"line":243,"column":37}},"117":{"start":{"line":244,"column":4},"end":{"line":244,"column":43}},"118":{"start":{"line":245,"column":4},"end":{"line":247,"column":5}},"119":{"start":{"line":246,"column":6},"end":{"line":246,"column":13}},"120":{"start":{"line":249,"column":4},"end":{"line":249,"column":66}},"121":{"start":{"line":250,"column":4},"end":{"line":250,"column":31}},"122":{"start":{"line":251,"column":4},"end":{"line":251,"column":65}},"123":{"start":{"line":255,"column":4},"end":{"line":255,"column":37}},"124":{"start":{"line":256,"column":4},"end":{"line":258,"column":5}},"125":{"start":{"line":257,"column":6},"end":{"line":257,"column":48}},"126":{"start":{"line":260,"column":4},"end":{"line":260,"column":66}},"127":{"start":{"line":261,"column":4},"end":{"line":261,"column":31}},"128":{"start":{"line":262,"column":4},"end":{"line":262,"column":65}},"129":{"start":{"line":266,"column":4},"end":{"line":266,"column":37}},"130":{"start":{"line":267,"column":4},"end":{"line":269,"column":5}},"131":{"start":{"line":268,"column":6},"end":{"line":268,"column":48}},"132":{"start":{"line":270,"column":4},"end":{"line":272,"column":5}},"133":{"start":{"line":271,"column":6},"end":{"line":271,"column":36}},"134":{"start":{"line":273,"column":4},"end":{"line":273,"column":85}},"135":{"start":{"line":274,"column":4},"end":{"line":274,"column":31}},"136":{"start":{"line":275,"column":4},"end":{"line":275,"column":75}},"137":{"start":{"line":279,"column":4},"end":{"line":279,"column":36}},"138":{"start":{"line":280,"column":4},"end":{"line":282,"column":5}},"139":{"start":{"line":281,"column":6},"end":{"line":281,"column":48}},"140":{"start":{"line":283,"column":4},"end":{"line":283,"column":29}},"141":{"start":{"line":287,"column":4},"end":{"line":287,"column":37}},"142":{"start":{"line":288,"column":4},"end":{"line":288,"column":33}},"143":{"start":{"line":289,"column":4},"end":{"line":291,"column":5}},"144":{"start":{"line":290,"column":6},"end":{"line":290,"column":48}},"145":{"start":{"line":292,"column":4},"end":{"line":295,"column":5}},"146":{"start":{"line":294,"column":6},"end":{"line":294,"column":13}},"147":{"start":{"line":296,"column":4},"end":{"line":298,"column":5}},"148":{"start":{"line":297,"column":6},"end":{"line":297,"column":46}},"149":{"start":{"line":301,"column":4},"end":{"line":301,"column":39}},"150":{"start":{"line":302,"column":4},"end":{"line":315,"column":5}},"151":{"start":{"line":303,"column":6},"end":{"line":303,"column":38}},"152":{"start":{"line":304,"column":6},"end":{"line":314,"column":7}},"153":{"start":{"line":305,"column":8},"end":{"line":305,"column":25}},"154":{"start":{"line":306,"column":8},"end":{"line":306,"column":40}},"155":{"start":{"line":307,"column":8},"end":{"line":307,"column":14}},"156":{"start":{"line":308,"column":13},"end":{"line":314,"column":7}},"157":{"start":{"line":309,"column":8},"end":{"line":309,"column":23}},"158":{"start":{"line":310,"column":8},"end":{"line":310,"column":40}},"159":{"start":{"line":311,"column":8},"end":{"line":311,"column":14}},"160":{"start":{"line":312,"column":13},"end":{"line":314,"column":7}},"161":{"start":{"line":313,"column":8},"end":{"line":313,"column":14}},"162":{"start":{"line":317,"column":4},"end":{"line":320,"column":5}},"163":{"start":{"line":318,"column":6},"end":{"line":318,"column":63}},"164":{"start":{"line":319,"column":6},"end":{"line":319,"column":33}},"165":{"start":{"line":321,"column":4},"end":{"line":321,"column":55}},"166":{"start":{"line":322,"column":4},"end":{"line":322,"column":32}},"167":{"start":{"line":326,"column":4},"end":{"line":326,"column":37}},"168":{"start":{"line":327,"column":4},"end":{"line":329,"column":5}},"169":{"start":{"line":328,"column":6},"end":{"line":328,"column":48}},"170":{"start":{"line":331,"column":4},"end":{"line":351,"column":5}},"171":{"start":{"line":332,"column":6},"end":{"line":332,"column":38}},"172":{"start":{"line":333,"column":6},"end":{"line":335,"column":7}},"173":{"start":{"line":334,"column":8},"end":{"line":334,"column":17}},"174":{"start":{"line":337,"column":6},"end":{"line":350,"column":7}},"175":{"start":{"line":338,"column":18},"end":{"line":338,"column":24}},"176":{"start":{"line":341,"column":10},"end":{"line":346,"column":11}},"177":{"start":{"line":342,"column":12},"end":{"line":345,"column":13}},"178":{"start":{"line":343,"column":14},"end":{"line":343,"column":41}},"179":{"start":{"line":344,"column":14},"end":{"line":344,"column":18}},"180":{"start":{"line":347,"column":10},"end":{"line":347,"column":17}},"181":{"start":{"line":349,"column":10},"end":{"line":349,"column":16}},"182":{"start":{"line":353,"column":4},"end":{"line":353,"column":57}},"183":{"start":{"line":354,"column":4},"end":{"line":354,"column":31}},"184":{"start":{"line":355,"column":4},"end":{"line":355,"column":32}},"185":{"start":{"line":360,"column":4},"end":{"line":360,"column":30}},"186":{"start":{"line":366,"column":4},"end":{"line":366,"column":57}},"187":{"start":{"line":371,"column":4},"end":{"line":371,"column":39}},"188":{"start":{"line":372,"column":4},"end":{"line":372,"column":78}},"189":{"start":{"line":372,"column":46},"end":{"line":372,"column":76}},"190":{"start":{"line":372,"column":69},"end":{"line":372,"column":75}},"191":{"start":{"line":374,"column":4},"end":{"line":377,"column":6}},"192":{"start":{"line":384,"column":4},"end":{"line":415,"column":5}},"193":{"start":{"line":385,"column":6},"end":{"line":387,"column":7}},"194":{"start":{"line":386,"column":8},"end":{"line":386,"column":17}},"195":{"start":{"line":389,"column":6},"end":{"line":414,"column":7}},"196":{"start":{"line":391,"column":10},"end":{"line":391,"column":56}},"197":{"start":{"line":392,"column":10},"end":{"line":392,"column":16}},"198":{"start":{"line":394,"column":10},"end":{"line":394,"column":54}},"199":{"start":{"line":395,"column":10},"end":{"line":395,"column":16}},"200":{"start":{"line":398,"column":10},"end":{"line":405,"column":11}},"201":{"start":{"line":399,"column":12},"end":{"line":402,"column":13}},"202":{"start":{"line":400,"column":40},"end":{"line":400,"column":89}},"203":{"start":{"line":401,"column":44},"end":{"line":401,"column":88}},"204":{"start":{"line":404,"column":12},"end":{"line":404,"column":53}},"205":{"start":{"line":406,"column":10},"end":{"line":406,"column":16}},"206":{"start":{"line":407,"column":18},"end":{"line":407,"column":54}},"207":{"start":{"line":407,"column":55},"end":{"line":407,"column":61}},"208":{"start":{"line":408,"column":18},"end":{"line":408,"column":43}},"209":{"start":{"line":408,"column":44},"end":{"line":408,"column":50}},"210":{"start":{"line":413,"column":17},"end":{"line":413,"column":58}},"211":{"start":{"line":421,"column":4},"end":{"line":430,"column":7}},"212":{"start":{"line":422,"column":6},"end":{"line":429,"column":7}},"213":{"start":{"line":423,"column":8},"end":{"line":426,"column":9}},"214":{"start":{"line":424,"column":36},"end":{"line":424,"column":78}},"215":{"start":{"line":425,"column":40},"end":{"line":425,"column":81}},"216":{"start":{"line":428,"column":8},"end":{"line":428,"column":46}},"217":{"start":{"line":436,"column":4},"end":{"line":436,"column":42}},"218":{"start":{"line":437,"column":4},"end":{"line":441,"column":5}},"219":{"start":{"line":438,"column":6},"end":{"line":438,"column":48}},"220":{"start":{"line":440,"column":6},"end":{"line":440,"column":51}},"221":{"start":{"line":442,"column":4},"end":{"line":442,"column":19}},"222":{"start":{"line":104,"column":0},"end":{"line":444,"column":1}}},"branchMap":{"1":{"line":64,"type":"binary-expr","locations":[{"start":{"line":64,"column":25},"end":{"line":64,"column":38}},{"start":{"line":64,"column":43},"end":{"line":64,"column":81}}]},"2":{"line":83,"type":"cond-expr","locations":[{"start":{"line":83,"column":65},"end":{"line":83,"column":84}},{"start":{"line":83,"column":87},"end":{"line":83,"column":94}}]},"3":{"line":87,"type":"cond-expr","locations":[{"start":{"line":87,"column":66},"end":{"line":87,"column":85}},{"start":{"line":87,"column":88},"end":{"line":87,"column":95}}]},"4":{"line":96,"type":"if","locations":[{"start":{"line":96,"column":4},"end":{"line":96,"column":4}},{"start":{"line":96,"column":4},"end":{"line":96,"column":4}}]},"5":{"line":112,"type":"if","locations":[{"start":{"line":112,"column":4},"end":{"line":112,"column":4}},{"start":{"line":112,"column":4},"end":{"line":112,"column":4}}]},"6":{"line":113,"type":"binary-expr","locations":[{"start":{"line":113,"column":20},"end":{"line":113,"column":29}},{"start":{"line":113,"column":33},"end":{"line":113,"column":44}}]},"7":{"line":114,"type":"if","locations":[{"start":{"line":114,"column":6},"end":{"line":114,"column":6}},{"start":{"line":114,"column":6},"end":{"line":114,"column":6}}]},"8":{"line":117,"type":"if","locations":[{"start":{"line":117,"column":10},"end":{"line":117,"column":10}},{"start":{"line":117,"column":10},"end":{"line":117,"column":10}}]},"9":{"line":122,"type":"if","locations":[{"start":{"line":122,"column":8},"end":{"line":122,"column":8}},{"start":{"line":122,"column":8},"end":{"line":122,"column":8}}]},"10":{"line":133,"type":"if","locations":[{"start":{"line":133,"column":10},"end":{"line":133,"column":10}},{"start":{"line":133,"column":10},"end":{"line":133,"column":10}}]},"11":{"line":149,"type":"if","locations":[{"start":{"line":149,"column":4},"end":{"line":149,"column":4}},{"start":{"line":149,"column":4},"end":{"line":149,"column":4}}]},"12":{"line":165,"type":"cond-expr","locations":[{"start":{"line":165,"column":19},"end":{"line":165,"column":32}},{"start":{"line":165,"column":35},"end":{"line":165,"column":39}}]},"13":{"line":170,"type":"if","locations":[{"start":{"line":170,"column":4},"end":{"line":170,"column":4}},{"start":{"line":170,"column":4},"end":{"line":170,"column":4}}]},"14":{"line":176,"type":"if","locations":[{"start":{"line":176,"column":4},"end":{"line":176,"column":4}},{"start":{"line":176,"column":4},"end":{"line":176,"column":4}}]},"15":{"line":179,"type":"if","locations":[{"start":{"line":179,"column":6},"end":{"line":179,"column":6}},{"start":{"line":179,"column":6},"end":{"line":179,"column":6}}]},"16":{"line":193,"type":"if","locations":[{"start":{"line":193,"column":4},"end":{"line":193,"column":4}},{"start":{"line":193,"column":4},"end":{"line":193,"column":4}}]},"17":{"line":203,"type":"if","locations":[{"start":{"line":203,"column":6},"end":{"line":203,"column":6}},{"start":{"line":203,"column":6},"end":{"line":203,"column":6}}]},"18":{"line":205,"type":"if","locations":[{"start":{"line":205,"column":13},"end":{"line":205,"column":13}},{"start":{"line":205,"column":13},"end":{"line":205,"column":13}}]},"19":{"line":205,"type":"binary-expr","locations":[{"start":{"line":205,"column":17},"end":{"line":205,"column":35}},{"start":{"line":205,"column":39},"end":{"line":205,"column":56}}]},"20":{"line":209,"type":"if","locations":[{"start":{"line":209,"column":13},"end":{"line":209,"column":13}},{"start":{"line":209,"column":13},"end":{"line":209,"column":13}}]},"21":{"line":209,"type":"binary-expr","locations":[{"start":{"line":209,"column":17},"end":{"line":209,"column":35}},{"start":{"line":209,"column":39},"end":{"line":209,"column":58}}]},"22":{"line":216,"type":"if","locations":[{"start":{"line":216,"column":4},"end":{"line":216,"column":4}},{"start":{"line":216,"column":4},"end":{"line":216,"column":4}}]},"23":{"line":228,"type":"if","locations":[{"start":{"line":228,"column":4},"end":{"line":228,"column":4}},{"start":{"line":228,"column":4},"end":{"line":228,"column":4}}]},"24":{"line":245,"type":"if","locations":[{"start":{"line":245,"column":4},"end":{"line":245,"column":4}},{"start":{"line":245,"column":4},"end":{"line":245,"column":4}}]},"25":{"line":256,"type":"if","locations":[{"start":{"line":256,"column":4},"end":{"line":256,"column":4}},{"start":{"line":256,"column":4},"end":{"line":256,"column":4}}]},"26":{"line":267,"type":"if","locations":[{"start":{"line":267,"column":4},"end":{"line":267,"column":4}},{"start":{"line":267,"column":4},"end":{"line":267,"column":4}}]},"27":{"line":270,"type":"if","locations":[{"start":{"line":270,"column":4},"end":{"line":270,"column":4}},{"start":{"line":270,"column":4},"end":{"line":270,"column":4}}]},"28":{"line":280,"type":"if","locations":[{"start":{"line":280,"column":4},"end":{"line":280,"column":4}},{"start":{"line":280,"column":4},"end":{"line":280,"column":4}}]},"29":{"line":289,"type":"if","locations":[{"start":{"line":289,"column":4},"end":{"line":289,"column":4}},{"start":{"line":289,"column":4},"end":{"line":289,"column":4}}]},"30":{"line":292,"type":"if","locations":[{"start":{"line":292,"column":4},"end":{"line":292,"column":4}},{"start":{"line":292,"column":4},"end":{"line":292,"column":4}}]},"31":{"line":296,"type":"if","locations":[{"start":{"line":296,"column":4},"end":{"line":296,"column":4}},{"start":{"line":296,"column":4},"end":{"line":296,"column":4}}]},"32":{"line":304,"type":"if","locations":[{"start":{"line":304,"column":6},"end":{"line":304,"column":6}},{"start":{"line":304,"column":6},"end":{"line":304,"column":6}}]},"33":{"line":304,"type":"binary-expr","locations":[{"start":{"line":304,"column":10},"end":{"line":304,"column":28}},{"start":{"line":304,"column":32},"end":{"line":304,"column":51}}]},"34":{"line":308,"type":"if","locations":[{"start":{"line":308,"column":13},"end":{"line":308,"column":13}},{"start":{"line":308,"column":13},"end":{"line":308,"column":13}}]},"35":{"line":308,"type":"binary-expr","locations":[{"start":{"line":308,"column":17},"end":{"line":308,"column":35}},{"start":{"line":308,"column":39},"end":{"line":308,"column":56}}]},"36":{"line":312,"type":"if","locations":[{"start":{"line":312,"column":13},"end":{"line":312,"column":13}},{"start":{"line":312,"column":13},"end":{"line":312,"column":13}}]},"37":{"line":317,"type":"if","locations":[{"start":{"line":317,"column":4},"end":{"line":317,"column":4}},{"start":{"line":317,"column":4},"end":{"line":317,"column":4}}]},"38":{"line":327,"type":"if","locations":[{"start":{"line":327,"column":4},"end":{"line":327,"column":4}},{"start":{"line":327,"column":4},"end":{"line":327,"column":4}}]},"39":{"line":333,"type":"if","locations":[{"start":{"line":333,"column":6},"end":{"line":333,"column":6}},{"start":{"line":333,"column":6},"end":{"line":333,"column":6}}]},"40":{"line":333,"type":"binary-expr","locations":[{"start":{"line":333,"column":10},"end":{"line":333,"column":30}},{"start":{"line":333,"column":35},"end":{"line":333,"column":53}},{"start":{"line":333,"column":57},"end":{"line":333,"column":75}}]},"41":{"line":337,"type":"switch","locations":[{"start":{"line":338,"column":8},"end":{"line":338,"column":24}},{"start":{"line":339,"column":8},"end":{"line":347,"column":17}},{"start":{"line":348,"column":8},"end":{"line":349,"column":16}}]},"42":{"line":342,"type":"if","locations":[{"start":{"line":342,"column":12},"end":{"line":342,"column":12}},{"start":{"line":342,"column":12},"end":{"line":342,"column":12}}]},"43":{"line":385,"type":"if","locations":[{"start":{"line":385,"column":6},"end":{"line":385,"column":6}},{"start":{"line":385,"column":6},"end":{"line":385,"column":6}}]},"44":{"line":385,"type":"binary-expr","locations":[{"start":{"line":385,"column":10},"end":{"line":385,"column":47}},{"start":{"line":385,"column":51},"end":{"line":385,"column":75}}]},"45":{"line":389,"type":"switch","locations":[{"start":{"line":390,"column":8},"end":{"line":392,"column":16}},{"start":{"line":393,"column":8},"end":{"line":395,"column":16}},{"start":{"line":397,"column":8},"end":{"line":406,"column":16}},{"start":{"line":407,"column":8},"end":{"line":407,"column":61}},{"start":{"line":408,"column":8},"end":{"line":408,"column":50}},{"start":{"line":413,"column":8},"end":{"line":413,"column":58}}]},"46":{"line":398,"type":"if","locations":[{"start":{"line":398,"column":10},"end":{"line":398,"column":10}},{"start":{"line":398,"column":10},"end":{"line":398,"column":10}}]},"47":{"line":399,"type":"switch","locations":[{"start":{"line":400,"column":14},"end":{"line":400,"column":89}},{"start":{"line":401,"column":14},"end":{"line":401,"column":88}}]},"48":{"line":422,"type":"if","locations":[{"start":{"line":422,"column":6},"end":{"line":422,"column":6}},{"start":{"line":422,"column":6},"end":{"line":422,"column":6}}]},"49":{"line":423,"type":"switch","locations":[{"start":{"line":424,"column":10},"end":{"line":424,"column":78}},{"start":{"line":425,"column":10},"end":{"line":425,"column":81}}]},"50":{"line":437,"type":"if","locations":[{"start":{"line":437,"column":4},"end":{"line":437,"column":4}},{"start":{"line":437,"column":4},"end":{"line":437,"column":4}}]}},"l":{"1":1,"2":1,"12":1,"13":1,"15":1,"16":1,"17":1,"21":1,"22":2,"24":1,"25":0,"27":1,"29":0,"32":1,"34":0,"37":1,"39":0,"50":1,"51":40,"53":3,"54":24,"58":1,"59":3,"61":3,"63":0,"64":0,"68":1,"74":3,"75":3,"76":3,"79":3,"83":3,"84":3,"87":0,"88":0,"91":0,"92":0,"96":3,"97":0,"99":3,"104":1,"105":36,"106":36,"109":36,"112":36,"113":6,"114":6,"115":6,"116":13,"117":13,"118":13,"122":6,"123":0,"124":0,"125":0,"128":31,"131":0,"132":0,"133":0,"134":0,"142":61,"145":21,"149":21,"150":15,"153":6,"154":6,"155":18,"159":9,"163":16,"164":16,"165":16,"169":4,"170":4,"171":1,"173":3,"176":3,"177":3,"178":3,"179":3,"180":0,"182":3,"183":3,"186":0,"192":4,"193":4,"194":0,"200":4,"201":4,"202":4,"203":4,"204":0,"205":4,"208":0,"209":4,"210":4,"211":4,"212":4,"216":4,"217":1,"220":4,"221":4,"226":3,"227":3,"228":3,"229":0,"232":3,"233":3,"236":0,"238":3,"239":3,"243":0,"244":0,"245":0,"246":0,"249":0,"250":0,"251":0,"255":0,"256":0,"257":0,"260":0,"261":0,"262":0,"266":23,"267":23,"268":0,"270":23,"271":13,"273":23,"274":23,"275":23,"279":0,"280":0,"281":0,"283":0,"287":0,"288":0,"289":0,"290":0,"292":0,"294":0,"296":0,"297":0,"301":0,"302":0,"303":0,"304":0,"305":0,"306":0,"307":0,"308":0,"309":0,"310":0,"311":0,"312":0,"313":0,"317":0,"318":0,"319":0,"321":0,"322":0,"326":0,"327":0,"328":0,"331":0,"332":0,"333":0,"334":0,"337":0,"338":0,"341":0,"342":0,"343":0,"344":0,"347":0,"349":0,"353":0,"354":0,"355":0,"360":10,"366":1,"371":1,"372":3,"374":1,"384":1,"385":1,"386":0,"389":1,"391":0,"392":0,"394":0,"395":0,"398":1,"399":0,"400":0,"401":0,"404":1,"406":1,"407":0,"408":0,"413":0,"421":0,"422":0,"423":0,"424":0,"425":0,"428":0,"436":1,"437":1,"438":1,"440":0,"442":1}},
"/Users/hans/Sources/sdk/packages/@angular/schematics/src/tree/base.ts":{"path":"/Users/hans/Sources/sdk/packages/@angular/schematics/src/tree/base.ts","s":{"1":1,"2":1,"3":1},"b":{},"f":{},"fnMap":{},"statementMap":{"1":{"start":{"line":2,"column":0},"end":{"line":2,"column":62}},"2":{"start":{"line":2,"column":0},"end":{"line":2,"column":34}},"3":{"start":{"line":5,"column":0},"end":{"line":28,"column":1}}},"branchMap":{},"l":{"2":1,"5":1}},
"/Users/hans/Sources/sdk/packages/@angular/schematics/src/utility/path.ts":{"path":"/Users/hans/Sources/sdk/packages/@angular/schematics/src/utility/path.ts","s":{"1":1,"2":1,"3":12,"4":1,"5":1,"6":85,"7":85,"8":20,"9":85,"10":2,"11":83,"12":83,"13":102,"14":102,"15":83,"16":4,"17":79,"18":1},"b":{"1":[20,65],"2":[2,83],"3":[4,79],"4":[83,81,9]},"f":{"1":12,"2":85},"fnMap":{"1":{"name":"(anonymous_1)","line":null,"loc":{"start":{"line":5,"column":2},"end":{"line":5,"column":26}}},"2":{"name":"normalizePath","line":9,"loc":{"start":{"line":9,"column":0},"end":{"line":9,"column":42}}}},"statementMap":{"1":{"start":{"line":2,"column":0},"end":{"line":2,"column":62}},"2":{"start":{"line":1,"column":0},"end":{"line":1,"column":43}},"3":{"start":{"line":5,"column":30},"end":{"line":5,"column":66}},"4":{"start":{"line":4,"column":0},"end":{"line":6,"column":1}},"5":{"start":{"line":9,"column":0},"end":{"line":32,"column":1}},"6":{"start":{"line":10,"column":2},"end":{"line":10,"column":15}},"7":{"start":{"line":11,"column":2},"end":{"line":13,"column":3}},"8":{"start":{"line":12,"column":4},"end":{"line":12,"column":16}},"9":{"start":{"line":14,"column":2},"end":{"line":16,"column":3}},"10":{"start":{"line":15,"column":4},"end":{"line":15,"column":41}},"11":{"start":{"line":18,"column":2},"end":{"line":18,"column":33}},"12":{"start":{"line":19,"column":2},"end":{"line":26,"column":3}},"13":{"start":{"line":20,"column":4},"end":{"line":20,"column":13}},"14":{"start":{"line":21,"column":4},"end":{"line":25,"column":32}},"15":{"start":{"line":28,"column":2},"end":{"line":30,"column":3}},"16":{"start":{"line":29,"column":4},"end":{"line":29,"column":41}},"17":{"start":{"line":31,"column":2},"end":{"line":31,"column":11}},"18":{"start":{"line":9,"column":0},"end":{"line":32,"column":1}}},"branchMap":{"1":{"line":11,"type":"if","locations":[{"start":{"line":11,"column":2},"end":{"line":11,"column":2}},{"start":{"line":11,"column":2},"end":{"line":11,"column":2}}]},"2":{"line":14,"type":"if","locations":[{"start":{"line":14,"column":2},"end":{"line":14,"column":2}},{"start":{"line":14,"column":2},"end":{"line":14,"column":2}}]},"3":{"line":28,"type":"if","locations":[{"start":{"line":28,"column":2},"end":{"line":28,"column":2}},{"start":{"line":28,"column":2},"end":{"line":28,"column":2}}]},"4":{"line":28,"type":"binary-expr","locations":[{"start":{"line":28,"column":6},"end":{"line":28,"column":26}},{"start":{"line":28,"column":31},"end":{"line":28,"column":46}},{"start":{"line":28,"column":50},"end":{"line":28,"column":59}}]}},"l":{"1":1,"2":1,"4":1,"5":12,"9":1,"10":85,"11":85,"12":20,"14":85,"15":2,"18":83,"19":83,"20":102,"21":102,"28":83,"29":4,"31":79}},
[...]
2,"column":71}},"10":{"start":{"line":26,"column":4},"end":{"line":28,"column":7}},"11":{"start":{"line":27,"column":6},"end":{"line":27,"column":78}},"12":{"start":{"line":27,"column":37},"end":{"line":27,"column":77}},"13":{"start":{"line":31,"column":17},"end":{"line":31,"column":37}},"14":{"start":{"line":32,"column":15},"end":{"line":32,"column":60}},"15":{"start":{"line":33,"column":15},"end":{"line":33,"column":60}},"16":{"start":{"line":36,"column":4},"end":{"line":36,"column":41}},"17":{"start":{"line":40,"column":4},"end":{"line":42,"column":5}},"18":{"start":{"line":41,"column":6},"end":{"line":41,"column":18}},"19":{"start":{"line":43,"column":4},"end":{"line":43,"column":46}},"20":{"start":{"line":47,"column":4},"end":{"line":49,"column":5}},"21":{"start":{"line":48,"column":6},"end":{"line":48,"column":63}},"22":{"start":{"line":51,"column":4},"end":{"line":51,"column":47}},"23":{"start":{"line":52,"column":4},"end":{"line":54,"column":5}},"24":{"start":{"line":53,"column":6},"end":{"line":53,"column":48}},"25":{"start":{"line":55,"column":4},"end":{"line":55,"column":21}},"26":{"start":{"line":21,"column":0},"end":{"line":57,"column":1}}},"branchMap":{"1":{"line":32,"type":"binary-expr","locations":[{"start":{"line":32,"column":22},"end":{"line":32,"column":44}},{"start":{"line":32,"column":48},"end":{"line":32,"column":59}}]},"2":{"line":33,"type":"binary-expr","locations":[{"start":{"line":33,"column":22},"end":{"line":33,"column":44}},{"start":{"line":33,"column":48},"end":{"line":33,"column":59}}]},"3":{"line":40,"type":"if","locations":[{"start":{"line":40,"column":4},"end":{"line":40,"column":4}},{"start":{"line":40,"column":4},"end":{"line":40,"column":4}}]},"4":{"line":47,"type":"if","locations":[{"start":{"line":47,"column":4},"end":{"line":47,"column":4}},{"start":{"line":47,"column":4},"end":{"line":47,"column":4}}]},"5":{"line":52,"type":"if","locations":[{"start":{"line":52,"column":4},"end":{"line":52,"column":4}},{"start":{"line":52,"column":4},"end":{"line":52,"column":4}}]}},"l":{"2":1,"6":1,"11":1,"13":0,"16":1,"17":0,"21":1,"22":0,"24":0,"25":0,"26":0,"27":0,"31":0,"32":0,"33":0,"36":0,"40":0,"41":0,"43":0,"47":0,"48":0,"51":0,"52":0,"53":0,"55":0}},
"/Users/hans/Sources/sdk/packages/@angular/schematics/src/engine.ts":{"path":"/Users/hans/Sources/sdk/packages/@angular/schematics/src/engine.ts","s":{"1":1,"2":1,"3":1,"4":0,"5":0,"6":0,"7":0,"8":0,"9":0,"10":0,"11":0,"12":0,"13":1},"b":{"1":[0,0],"2":[0,0]},"f":{"1":0,"2":0,"3":0},"fnMap":{"1":{"name":"(anonymous_1)","line":null,"loc":{"start":{"line":17,"column":2},"end":{"line":17,"column":54}}},"2":{"name":"(anonymous_2)","line":null,"loc":{"start":{"line":20,"column":18},"end":{"line":20,"column":31}}},"3":{"name":"(anonymous_3)","line":null,"loc":{"start":{"line":29,"column":17},"end":{"line":29,"column":54}}}},"statementMap":{"1":{"start":{"line":2,"column":0},"end":{"line":2,"column":62}},"2":{"start":{"line":6,"column":0},"end":{"line":6,"column":40}},"3":{"start":{"line":7,"column":0},"end":{"line":7,"column":42}},"4":{"start":{"line":17,"column":22},"end":{"line":17,"column":54}},"5":{"start":{"line":21,"column":4},"end":{"line":21,"column":59}},"6":{"start":{"line":22,"column":4},"end":{"line":24,"column":5}},"7":{"start":{"line":23,"column":6},"end":{"line":23,"column":18}},"8":{"start":{"line":26,"column":4},"end":{"line":26,"column":45}},"9":{"start":{"line":30,"column":4},"end":{"line":30,"column":70}},"10":{"start":{"line":31,"column":4},"end":{"line":33,"column":5}},"11":{"start":{"line":32,"column":6},"end":{"line":32,"column":18}},"12":{"start":{"line":35,"column":4},"end":{"line":35,"column":54}},"13":{"start":{"line":16,"column":0},"end":{"line":37,"column":1}}},"branchMap":{"1":{"line":22,"type":"if","locations":[{"start":{"line":22,"column":4},"end":{"line":22,"column":4}},{"start":{"line":22,"column":4},"end":{"line":22,"column":4}}]},"2":{"line":31,"type":"if","locations":[{"start":{"line":31,"column":4},"end":{"line":31,"column":4}},{"start":{"line":31,"column":4},"end":{"line":31,"column":4}}]}},"l":{"2":1,"6":1,"7":1,"16":1,"17":0,"21":0,"22":0,"23":0,"26":0,"30":0,"31":0,"32":0,"35":0}},
"/Users/hans/Sources/sdk/packages/@angular/schematics/src/tree/empty.ts":{"path":"/Users/hans/Sources/sdk/packages/@angular/schematics/src/tree/empty.ts","s":{"1":1,"2":1,"3":0,"4":1},"b":{},"f":{"1":0},"fnMap":{"1":{"name":"(anonymous_1)","line":null,"loc":{"start":{"line":5,"column":2},"end":{"line":5,"column":2}}}},"statementMap":{"1":{"start":{"line":2,"column":0},"end":{"line":2,"column":62}},"2":{"start":{"line":1,"column":0},"end":{"line":1,"column":38}},"3":{"start":{"line":5,"column":18},"end":{"line":5,"column":26}},"4":{"start":{"line":4,"column":0},"end":{"line":6,"column":1}}},"branchMap":{},"l":{"1":1,"2":1,"4":1,"5":0}},
"/Users/hans/Sources/sdk/packages/@angular/schematics/rules/move.ts":{"path":"/Users/hans/Sources/sdk/packages/@angular/schematics/rules/move.ts","s":{"1":1,"2":1,"3":0,"4":0,"5":0,"6":0,"7":1},"b":{},"f":{"1":0},"fnMap":{"1":{"name":"move","line":4,"loc":{"start":{"line":4,"column":0},"end":{"line":4,"column":33}}}},"statementMap":{"1":{"start":{"line":2,"column":0},"end":{"line":2,"column":62}},"2":{"start":{"line":4,"column":0},"end":{"line":11,"column":1}},"3":{"start":{"line":5,"column":2},"end":{"line":10,"column":4}},"4":{"start":{"line":6,"column":4},"end":{"line":8,"column":7}},"5":{"start":{"line":7,"column":6},"end":{"line":7,"column":59}},"6":{"start":{"line":9,"column":4},"end":{"line":9,"column":16}},"7":{"start":{"line":4,"column":0},"end":{"line":11,"column":1}}},"branchMap":{},"l":{"2":1,"4":1,"5":0,"6":0,"7":0,"9":0}},
"/Users/hans/Sources/sdk/packages/@angular/schematics/rules/random.ts":{"path":"/Users/hans/Sources/sdk/packages/@angular/schematics/rules/random.ts","s":{"1":1,"2":1,"3":1,"4":0,"5":0,"6":1,"7":0,"8":1,"9":0,"10":0,"11":0,"12":0,"13":0,"14":0,"15":0,"16":0,"17":0,"18":0,"19":1},"b":{"1":[0,0],"2":[0,0],"3":[0,0]},"f":{"1":0,"2":0,"3":0},"fnMap":{"1":{"name":"generateStringOfLength","line":5,"loc":{"start":{"line":5,"column":0},"end":{"line":5,"column":41}}},"2":{"name":"random","line":12,"loc":{"start":{"line":12,"column":0},"end":{"line":12,"column":40}}},"3":{"name":"default_1","line":24,"loc":{"start":{"line":24,"column":0},"end":{"line":24,"column":46}}}},"statementMap":{"1":{"start":{"line":2,"column":0},"end":{"line":2,"column":62}},"2":{"start":{"line":1,"column":0},"end":{"line":1,"column":48}},"3":{"start":{"line":5,"column":0},"end":{"line":9,"column":1}},"4":{"start":{"line":6,"column":2},"end":{"line":8,"column":14}},"5":{"start":{"line":7,"column":4},"end":{"line":7,"column":72}},"6":{"start":{"line":12,"column":0},"end":{"line":14,"column":1}},"7":{"start":{"line":13,"column":2},"end":{"line":13,"column":56}},"8":{"start":{"line":24,"column":0},"end":{"line":43,"column":1}},"9":{"start":{"line":25,"column":2},"end":{"line":42,"column":4}},"10":{"start":{"line":26,"column":4},"end":{"line":26,"column":58}},"11":{"start":{"line":28,"column":4},"end":{"line":28,"column":34}},"12":{"start":{"line":29,"column":4},"end":{"line":31,"column":22}},"13":{"start":{"line":33,"column":4},"end":{"line":39,"column":5}},"14":{"start":{"line":34,"column":6},"end":{"line":34,"column":59}},"15":{"start":{"line":35,"column":6},"end":{"line":35,"column":50}},"16":{"start":{"line":36,"column":6},"end":{"line":36,"column":50}},"17":{"start":{"line":38,"column":6},"end":{"line":38,"column":62}},"18":{"start":{"line":41,"column":4},"end":{"line":41,"column":15}},"19":{"start":{"line":24,"column":0},"end":{"line":43,"column":1}}},"branchMap":{"1":{"line":26,"type":"cond-expr","locations":[{"start":{"line":26,"column":39},"end":{"line":26,"column":51}},{"start":{"line":26,"column":54},"end":{"line":26,"column":57}}]},"2":{"line":29,"type":"cond-expr","locations":[{"start":{"line":30,"column":21},"end":{"line":30,"column":95}},{"start":{"line":31,"column":20},"end":{"line":31,"column":21}}]},"3":{"line":30,"type":"cond-expr","locations":[{"start":{"line":30,"column":61},"end":{"line":30,"column":79}},{"start":{"line":30,"column":82},"end":{"line":30,"column":95}}]}},"l":{"1":1,"2":1,"5":1,"6":0,"7":0,"12":1,"13":0,"24":1,"25":0,"26":0,"28":0,"29":0,"33":0,"34":0,"35":0,"36":0,"38":0,"41":0}},
"/Users/hans/Sources/sdk/packages/@angular/schematics/rules/schematic.ts":{"path":"/Users/hans/Sources/sdk/packages/@angular/schematics/rules/schematic.ts","s":{"1":1,"2":1,"3":1,"4":1,"5":0,"6":0,"7":0,"8":1},"b":{},"f":{"1":0},"fnMap":{"1":{"name":"schematic","line":12,"loc":{"start":{"line":12,"column":0},"end":{"line":12,"column":51}}}},"statementMap":{"1":{"start":{"line":2,"column":0},"end":{"line":2,"column":62}},"2":{"start":{"line":1,"column":0},"end":{"line":1,"column":62}},"3":{"start":{"line":3,"column":0},"end":{"line":3,"column":43}},"4":{"start":{"line":12,"column":0},"end":{"line":17,"column":1}},"5":{"start":{"line":13,"column":2},"end":{"line":16,"column":4}},"6":{"start":{"line":14,"column":4},"end":{"line":14,"column":98}},"7":{"start":{"line":15,"column":4},"end":{"line":15,"column":60}},"8":{"start":{"line":12,"column":0},"end":{"line":17,"column":1}}},"branchMap":{},"l":{"1":1,"2":1,"3":1,"12":1,"13":0,"14":0,"15":0}},
"/Users/hans/Sources/sdk/packages/@angular/schematics/rules/template.ts":{"path":"/Users/hans/Sources/sdk/packages/@angular/schematics/rules/template.ts","s":{"1":1,"2":1,"3":1,"4":1,"5":1,"6":0,"7":1,"8":0,"9":1,"10":0,"11":1,"12":1,"13":0,"14":0,"15":0,"16":0,"17":0,"18":0,"19":0,"20":0,"21":1,"22":1,"23":0,"24":0,"25":0,"26":0,"27":0,"28":0,"29":0,"30":0,"31":0,"32":0,"33":0,"34":0,"35":0,"36":0,"37":0,"38":0,"39":0,"40":0,"41":0,"42":1,"43":1,"44":0,"45":1},"b":{"1":[0,0],"2":[0,0],"3":[0,0],"4":[0,0],"5":[0,0],"6":[0,0],"7":[0,0],"8":[0,0]},"f":{"1":0,"2":0,"3":0,"4":0,"5":0,"6":0},"fnMap":{"1":{"name":"(anonymous_1)","line":null,"loc":{"start":{"line":10,"column":2},"end":{"line":10,"column":26}}},"2":{"name":"(anonymous_2)","line":null,"loc":{"start":{"line":15,"column":2},"end":{"line":15,"column":26}}},"3":{"name":"(anonymous_3)","line":null,"loc":{"start":{"line":20,"column":2},"end":{"line":20,"column":26}}},"4":{"name":"lodashTemplate","line":25,"loc":{"start":{"line":25,"column":0},"end":{"line":25,"column":75}}},"5":{"name":"pathTemplate","line":42,"loc":{"start":{"line":42,"column":0},"end":{"line":42,"column":73}}},"6":{"name":"template","line":80,"loc":{"start":{"line":80,"column":0},"end":{"line":80,"column":69}}}},"statementMap":{"1":{"start":{"line":2,"column":0},"end":{"line":2,"column":62}},"2":{"start":{"line":2,"column":0},"end":{"line":2,"column":43}},"3":{"start":{"line":3,"column":0},"end":{"line":3,"column":47}},"4":{"start":{"line":5,"column":0},"end":{"line":5,"column":48}},"5":{"start":{"line":6,"column":0},"end":{"line":6,"column":29}},"6":{"start":{"line":10,"column":30},"end":{"line":10,"column":72}},"7":{"start":{"line":9,"column":0},"end":{"line":11,"column":1}},"8":{"start":{"line":15,"column":30},"end":{"line":15,"column":70}},"9":{"start":{"line":14,"column":0},"end":{"line":16,"column":1}},"10":{"start":{"line":20,"column":30},"end":{"line":20,"column":66}},"11":{"start":{"line":19,"column":0},"end":{"line":21,"column":1}},"12":{"start":{"line":25,"column":0},"end":{"line":40,"column":1}},"13":{"start":{"line":26,"column":2},"end":{"line":39,"column":4}},"14":{"start":{"line":27,"column":4},"end":{"line":36,"column":7}},"15":{"start":{"line":29,"column":6},"end":{"line":29,"column":46}},"16":{"start":{"line":31,"column":6},"end":{"line":35,"column":7}},"17":{"start":{"line":32,"column":8},"end":{"line":32,"column":58}},"18":{"start":{"line":33,"column":8},"end":{"line":33,"column":34}},"19":{"start":{"line":34,"column":8},"end":{"line":34,"column":45}},"20":{"start":{"line":38,"column":4},"end":{"line":38,"column":16}},"21":{"start":{"line":25,"column":0},"end":{"line":40,"column":1}},"22":{"start":{"line":42,"column":0},"end":{"line":76,"column":1}},"23":{"start":{"line":43,"column":2},"end":{"line":75,"column":4}},"24":{"start":{"line":44,"column":4},"end":{"line":72,"column":7}},"25":{"start":{"line":46,"column":6},"end":{"line":65,"column":9}},"26":{"start":{"line":47,"column":8},"end":{"line":49,"column":9}},"27":{"start":{"line":48,"column":10},"end":{"line":48,"column":55}},"28":{"start":{"line":50,"column":8},"end":{"line":63,"column":9}},"29":{"start":{"line":51,"column":10},"end":{"line":62,"column":34}},"30":{"start":{"line":52,"column":12},"end":{"line":54,"column":13}},"31":{"start":{"line":53,"column":14},"end":{"line":53,"column":25}},"32":{"start":{"line":55,"column":12},"end":{"line":57,"column":13}},"33":{"start":{"line":56,"column":14},"end":{"line":56,"column":51}},"34":{"start":{"line":58,"column":12},"end":{"line":60,"column":13}},"35":{"start":{"line":59,"column":14},"end":{"line":59,"column":51}},"36":{"start":{"line":61,"column":12},"end":{"line":61,"column":40}},"37":{"start":{"line":64,"column":8},"end":{"line":64,"column":35}},"38":{"start":{"line":67,"column":6},"end":{"line":69,"column":7}},"39":{"start":{"line":68,"column":8},"end":{"line":68,"column":15}},"40":{"start":{"line":71,"column":6},"end":{"line":71,"column":41}},"41":{"start":{"line":74,"column":4},"end":{"line":74,"column":16}},"42":{"start":{"line":42,"column":0},"end":{"line":76,"column":1}},"43":{"start":{"line":80,"column":0},"end":{"line":85,"column":1}},"44":{"start":{"line":81,"column":2},"end":{"line":84,"column":5}},"45":{"start":{"line":80,"column":0},"end":{"line":85,"column":1}}},"branchMap":{"1":{"line":31,"type":"if","locations":[{"start":{"line":31,"column":6},"end":{"line":31,"column":6}},{"start":{"line":31,"column":6},"end":{"line":31,"column":6}}]},"2":{"line":31,"type":"binary-expr","locations":[{"start":{"line":31,"column":10},"end":{"line":31,"column":17}},{"start":{"line":31,"column":21},"end":{"line":31,"column":39}}]},"3":{"line":47,"type":"if","locations":[{"start":{"line":47,"column":8},"end":{"line":47,"column":8}},{"start":{"line":47,"column":8},"end":{"line":47,"column":8}}]},"4":{"line":50,"type":"if","locations":[{"start":{"line":50,"column":8},"end":{"line":50,"column":8}},{"start":{"line":50,"column":8},"end":{"line":50,"column":8}}]},"5":{"line":52,"type":"if","locations":[{"start":{"line":52,"column":12},"end":{"line":52,"column":12}},{"start":{"line":52,"column":12},"end":{"line":52,"column":12}}]},"6":{"line":55,"type":"if","locations":[{"start":{"line":55,"column":12},"end":{"line":55,"column":12}},{"start":{"line":55,"column":12},"end":{"line":55,"column":12}}]},"7":{"line":58,"type":"if","locations":[{"start":{"line":58,"column":12},"end":{"line":58,"column":12}},{"start":{"line":58,"column":12},"end":{"line":58,"column":12}}]},"8":{"line":67,"type":"if","locations":[{"start":{"line":67,"column":6},"end":{"line":67,"column":6}},{"start":{"line":67,"column":6},"end":{"line":67,"column":6}}]}},"l":{"2":1,"3":1,"5":1,"6":1,"9":1,"10":0,"14":1,"15":0,"19":1,"20":0,"25":1,"26":0,"27":0,"29":0,"31":0,"32":0,"33":0,"34":0,"38":0,"42":1,"43":0,"44":0,"46":0,"47":0,"48":0,"50":0,"51":0,"52":0,"53":0,"55":0,"56":0,"58":0,"59":0,"61":0,"64":0,"67":0,"68":0,"71":0,"74":0,"80":1,"81":0}},
"/Users/hans/Sources/sdk/packages/@angular/schematics/rules/utils/is-binary.ts":{"path":"/Users/hans/Sources/sdk/packages/@angular/schematics/rules/utils/is-binary.ts","s":{"1":1,"2":1,"3":0,"4":0,"5":0,"6":0,"7":0,"8":0,"9":0,"10":0,"11":0,"12":1},"b":{"1":[0,0],"2":[0,0]},"f":{"1":0},"fnMap":{"1":{"name":"isBinary","line":2,"loc":{"start":{"line":2,"column":0},"end":{"line":2,"column":39}}}},"statementMap":{"1":{"start":{"line":2,"column":0},"end":{"line":2,"column":62}},"2":{"start":{"line":2,"column":0},"end":{"line":21,"column":1}},"3":{"start":{"line":3,"column":2},"end":{"line":3,"column":25}},"4":{"start":{"line":4,"column":2},"end":{"line":4,"column":23}},"5":{"start":{"line":6,"column":2},"end":{"line":6,"column":69}},"6":{"start":{"line":7,"column":2},"end":{"line":7,"column":74}},"7":{"start":{"line":10,"column":2},"end":{"line":17,"column":3}},"8":{"start":{"line":11,"column":4},"end":{"line":11,"column":52}},"9":{"start":{"line":12,"column":4},"end":{"line":16,"column":5}},"10":{"start":{"line":15,"column":6},"end":{"line":15,"column":18}},"11":{"start":{"line":20,"column":2},"end":{"line":20,"column":15}},"12":{"start":{"line":2,"column":0},"end":{"line":21,"column":1}}},"branchMap":{"1":{"line":12,"type":"if","locations":[{"start":{"line":12,"column":4},"end":{"line":12,"column":4}},{"start":{"line":12,"column":4},"end":{"line":12,"column":4}}]},"2":{"line":12,"type":"binary-expr","locations":[{"start":{"line":12,"column":9},"end":{"line":12,"column":27}},{"start":{"line":12,"column":31},"end":{"line":12,"column":45}}]}},"l":{"2":1,"3":0,"4":0,"6":0,"7":0,"10":0,"11":0,"12":0,"15":0,"20":0}},
"/Users/hans/Sources/sdk/packages/@angular/schematics/rules/url.ts":{"path":"/Users/hans/Sources/sdk/packages/@angular/schematics/rules/url.ts","s":{"1":1,"2":1,"3":1,"4":1,"5":1,"6":1,"7":1,"8":0,"9":1,"10":1,"11":0,"12":0,"13":0,"14":0,"15":0,"16":0,"17":0,"18":0,"19":0,"20":0,"21":1},"b":{"1":[0,0,0,0],"2":[0,0],"3":[0,0],"4":[0,0],"5":[0,0]},"f":{"1":0,"2":0},"fnMap":{"1":{"name":"(anonymous_1)","line":null,"loc":{"start":{"line":12,"column":2},"end":{"line":12,"column":25}}},"2":{"name":"url","line":16,"loc":{"start":{"line":16,"column":0},"end":{"line":16,"column":37}}}},"statementMap":{"1":{"start":{"line":2,"column":0},"end":{"line":2,"column":62}},"2":{"start":{"line":2,"column":0},"end":{"line":2,"column":47}},"3":{"start":{"line":3,"column":0},"end":{"line":3,"column":38}},"4":{"start":{"line":5,"column":0},"end":{"line":5,"column":26}},"5":{"start":{"line":6,"column":0},"end":{"line":6,"column":43}},"6":{"start":{"line":7,"column":0},"end":{"line":7,"column":54}},"7":{"start":{"line":8,"column":0},"end":{"line":8,"column":44}},"8":{"start":{"line":12,"column":29},"end":{"line":12,"column":68}},"9":{"start":{"line":11,"column":0},"end":{"line":13,"column":1}},"10":{"start":{"line":16,"column":0},"end":{"line":38,"column":1}},"11":{"start":{"line":17,"column":2},"end":{"line":17,"column":31}},"12":{"start":{"line":19,"column":2},"end":{"line":37,"column":4}},"13":{"start":{"line":20,"column":4},"end":{"line":34,"column":5}},"14":{"start":{"line":23,"column":8},"end":{"line":27,"column":9}},"15":{"start":{"line":24,"column":10},"end":{"line":24,"column":92}},"16":{"start":{"line":26,"column":10},"end":{"line":26,"column":87}},"17":{"start":{"line":29,"column":8},"end":{"line":31,"column":11}},"18":{"start":{"line":30,"column":10},"end":{"line":30,"column":67}},"19":{"start":{"line":33,"column":8},"end":{"line":33,"column":46}},"20":{"start":{"line":36,"column":4},"end":{"line":36,"column":51}},"21":{"start":{"line":16,"column":0},"end":{"line":38,"column":1}}},"branchMap":{"1":{"line":20,"type":"switch","locations":[{"start":{"line":21,"column":6},"end":{"line":21,"column":16}},{"start":{"line":22,"column":6},"end":{"line":27,"column":9}},{"start":{"line":28,"column":6},"end":{"line":31,"column":11}},{"start":{"line":32,"column":6},"end":{"line":33,"column":46}}]},"2":{"line":23,"type":"if","locations":[{"start":{"line":23,"column":8},"end":{"line":23,"column":8}},{"start":{"line":23,"column":8},"end":{"line":23,"column":8}}]},"3":{"line":23,"type":"binary-expr","locations":[{"start":{"line":23,"column":12},"end":{"line":23,"column":20}},{"start":{"line":23,"column":24},"end":{"line":23,"column":48}}]},"4":{"line":26,"type":"binary-expr","locations":[{"start":{"line":26,"column":50},"end":{"line":26,"column":58}},{"start":{"line":26,"column":62},"end":{"line":26,"column":84}}]},"5":{"line":30,"type":"binary-expr","locations":[{"start":{"line":30,"column":36},"end":{"line":30,"column":44}},{"start":{"line":30,"column":48},"end":{"line":30,"column":50}}]}},"l":{"2":1,"3":1,"5":1,"6":1,"7":1,"8":1,"11":1,"12":0,"16":1,"17":0,"19":0,"20":0,"23":0,"24":0,"26":0,"29":0,"30":0,"33":0,"36":0}}}
