TN:
SF:/Users/hans/Sources/sdk/packages/@angular/schematics/src/interface.ts
FN:11,(anonymous_1)
FN:,(anonymous_2)
FN:,(anonymous_3)
FN:,(anonymous_4)
FN:,(anonymous_5)
FNF:5
FNH:5
FNDA:1,(anonymous_1)
FNDA:19,(anonymous_2)
FNDA:1,(anonymous_3)
FNDA:1,(anonymous_4)
FNDA:1,(anonymous_5)
DA:2,1
DA:11,1
DA:12,1
DA:13,1
DA:14,1
DA:26,1
DA:46,19
DA:52,1
DA:57,1
DA:64,1
LF:10
LH:10
BRDA:15,1,0,1
BRDA:15,1,1,1
BRF:2
BRH:2
end_of_record
TN:
SF:/Users/hans/Sources/sdk/packages/@angular/schematics/src/tree/static-impl.ts
FN:5,treeEmptyImpl
FN:11,treeBranchImpl
FN:17,treePartitionImpl
FN:22,treeMergeImpl
FNF:4
FNH:4
FNDA:19,treeEmptyImpl
FNDA:1,treeBranchImpl
FNDA:1,treePartitionImpl
FNDA:1,treeMergeImpl
DA:2,1
DA:5,1
DA:6,19
DA:11,1
DA:12,1
DA:13,1
DA:17,1
DA:18,1
DA:22,1
DA:23,1
LF:10
LH:10
BRF:0
BRH:0
end_of_record
TN:
SF:/Users/hans/Sources/sdk/packages/@angular/schematics/rules/base.ts
FN:,(anonymous_1)
FN:31,source
FN:34,empty
FN:39,callSource
FN:50,callRule
FN:67,chain
FN:76,apply
FN:83,merge
FN:95,mergeWith
FN:107,noop
FN:112,partitionAndApply
FN:122,filter
FNF:12
FNH:4
FNDA:0,(anonymous_1)
FNDA:0,source
FNDA:0,empty
FNDA:4,callSource
FNDA:18,callRule
FNDA:4,chain
FNDA:2,apply
FNDA:0,merge
FNDA:0,mergeWith
FNDA:0,noop
FNDA:0,partitionAndApply
FNDA:0,filter
DA:1,1
DA:2,1
DA:3,1
DA:6,1
DA:8,0
DA:9,0
DA:10,0
DA:11,0
DA:12,0
DA:13,0
DA:14,0
DA:15,0
DA:16,0
DA:18,0
DA:19,0
DA:20,0
DA:21,0
DA:23,0
DA:26,0
DA:31,1
DA:32,0
DA:34,1
DA:35,0
DA:39,1
DA:40,4
DA:42,4
DA:43,2
DA:44,2
DA:45,2
DA:47,0
DA:50,1
DA:53,18
DA:54,18
DA:56,18
DA:57,9
DA:58,9
DA:59,9
DA:61,0
DA:67,1
DA:68,4
DA:69,4
DA:70,12
DA:76,1
DA:77,2
DA:78,2
DA:83,1
DA:84,0
DA:85,0
DA:86,0
DA:87,0
DA:88,0
DA:95,1
DA:96,0
DA:97,0
DA:98,0
DA:99,0
DA:100,0
DA:107,1
DA:108,0
DA:112,1
DA:113,0
DA:114,0
DA:115,0
DA:116,0
DA:118,0
DA:122,1
DA:123,0
DA:124,0
LF:68
LH:31
BRDA:9,1,0,0
BRDA:9,1,1,0
BRDA:11,2,0,0
BRDA:11,2,1,0
BRDA:13,3,0,0
BRDA:13,3,1,0
BRDA:15,4,0,0
BRDA:15,4,1,0
BRDA:18,5,0,0
BRDA:18,5,1,0
BRDA:20,6,0,0
BRDA:20,6,1,0
BRDA:42,7,0,2
BRDA:42,7,1,2
BRDA:44,8,0,2
BRDA:44,8,1,0
BRDA:56,9,0,9
BRDA:56,9,1,9
BRDA:58,10,0,9
BRDA:58,10,1,0
BRDA:115,11,0,0
BRDA:115,11,1,0
BRDA:116,12,0,0
BRDA:116,12,1,0
BRF:24
BRH:6
end_of_record
TN:
SF:/Users/hans/Sources/sdk/packages/@angular/schematics/src/exception.ts
FN:,(anonymous_1)
FN:,(anonymous_2)
FN:,(anonymous_3)
FN:,(anonymous_4)
FNF:4
FNH:1
FNDA:16,(anonymous_1)
FNDA:0,(anonymous_2)
FNDA:0,(anonymous_3)
FNDA:0,(anonymous_4)
DA:2,1
DA:4,1
DA:8,16
DA:13,0
DA:14,0
DA:15,0
LF:6
LH:3
BRF:0
BRH:0
end_of_record
TN:
SF:/Users/hans/Sources/sdk/packages/@angular/schematics/src/schematic.ts
FN:,(anonymous_1)
FN:,(anonymous_2)
FN:,(anonymous_3)
FN:,(anonymous_4)
FN:,(anonymous_5)
FN:,(anonymous_6)
FN:,(anonymous_7)
FNF:7
FNH:2
FNDA:0,(anonymous_1)
FNDA:2,(anonymous_2)
FNDA:0,(anonymous_3)
FNDA:0,(anonymous_4)
FNDA:0,(anonymous_5)
FNDA:0,(anonymous_6)
FNDA:2,(anonymous_7)
DA:2,1
DA:3,1
DA:6,1
DA:7,1
DA:11,1
DA:13,0
DA:18,1
DA:19,2
DA:20,2
DA:21,2
DA:22,0
DA:26,0
DA:27,0
DA:28,0
DA:29,0
DA:32,2
LF:16
LH:10
BRDA:21,1,0,0
BRDA:21,1,1,2
BRF:2
BRH:1
end_of_record
TN:
SF:/Users/hans/Sources/sdk/packages/@angular/schematics/src/sink/dryrun.ts
FN:,(anonymous_1)
FN:,(anonymous_2)
FNF:2
FNH:2
FNDA:1,(anonymous_1)
FNDA:1,(anonymous_2)
DA:1,1
DA:2,1
DA:3,1
DA:5,1
DA:19,1
DA:20,1
DA:21,1
DA:23,1
DA:26,1
DA:28,0
DA:29,0
DA:31,0
DA:35,0
DA:36,0
DA:37,0
DA:39,1
DA:41,4
DA:42,0
DA:44,0
DA:48,4
DA:49,4
DA:51,1
DA:52,0
DA:53,0
DA:55,1
DA:56,0
DA:57,0
DA:58,0
DA:61,1
DA:62,1
LF:30
LH:17
BRDA:29,1,0,0
BRDA:29,1,1,0
BRDA:42,2,0,0
BRDA:42,2,1,0
BRF:4
BRH:0
end_of_record
TN:
SF:/Users/hans/Sources/sdk/packages/@angular/schematics/src/sink/virtual-filesystem.ts
FN:,(anonymous_1)
FN:,(anonymous_2)
FN:,(anonymous_3)
FN:,(anonymous_4)
FN:,(anonymous_5)
FN:,(anonymous_6)
FN:,(anonymous_7)
FN:,(anonymous_8)
FN:,(anonymous_9)
FN:,(anonymous_10)
FN:,(anonymous_11)
FN:,(anonymous_12)
FN:,(anonymous_13)
FNF:13
FNH:4
FNDA:2,(anonymous_1)
FNDA:0,(anonymous_2)
FNDA:8,(anonymous_3)
FNDA:0,(anonymous_4)
FNDA:0,(anonymous_5)
FNDA:0,(anonymous_6)
FNDA:8,(anonymous_7)
FNDA:0,(anonymous_8)
FNDA:0,(anonymous_9)
FNDA:0,(anonymous_10)
FNDA:0,(anonymous_11)
FNDA:0,(anonymous_12)
FNDA:1,(anonymous_13)
DA:1,1
DA:2,1
DA:3,1
DA:5,1
DA:19,1
DA:20,2
DA:21,2
DA:22,2
DA:23,2
DA:24,2
DA:26,2
DA:29,0
DA:30,0
DA:31,0
DA:34,0
DA:35,0
DA:36,0
DA:39,0
DA:40,0
DA:41,0
DA:44,0
DA:48,8
DA:49,0
DA:50,8
DA:51,0
DA:52,8
DA:53,0
DA:55,8
DA:60,0
DA:61,0
DA:65,0
DA:66,0
DA:69,0
DA:70,0
DA:73,8
DA:74,8
DA:77,0
DA:79,0
DA:80,0
DA:81,0
DA:85,0
DA:86,0
DA:87,0
DA:89,0
DA:91,0
DA:94,0
DA:95,0
DA:96,0
DA:97,0
DA:99,0
DA:103,0
DA:104,0
DA:105,0
DA:106,0
DA:108,0
DA:112,0
DA:113,0
DA:114,0
DA:115,0
DA:117,0
DA:123,1
DA:125,1
DA:126,1
DA:127,0
DA:129,1
DA:132,1
DA:133,1
DA:134,4
DA:136,1
DA:139,1
DA:140,1
DA:141,0
DA:143,1
LF:73
LH:28
BRDA:30,1,0,0
BRDA:30,1,1,0
BRDA:35,2,0,0
BRDA:35,2,1,0
BRDA:40,3,0,0
BRDA:40,3,1,0
BRDA:48,4,0,0
BRDA:48,4,1,8
BRDA:48,5,0,8
BRDA:48,5,1,8
BRDA:50,6,0,0
BRDA:50,6,1,8
BRDA:52,7,0,0
BRDA:52,7,1,8
BRDA:61,8,0,0
BRDA:61,8,1,0
BRDA:85,9,0,0
BRDA:85,9,1,0
BRDA:95,10,0,0
BRDA:95,10,1,0
BRDA:104,11,0,0
BRDA:104,11,1,0
BRDA:113,12,0,0
BRDA:113,12,1,0
BRF:24
BRH:5
end_of_record
TN:
SF:/Users/hans/Sources/sdk/packages/@angular/schematics/src/sink/sink.ts
FN:28,(anonymous_1)
FN:,(anonymous_2)
FN:,(anonymous_3)
FN:,(anonymous_4)
FN:,(anonymous_5)
FN:,(anonymous_6)
FNF:6
FNH:5
FNDA:28,(anonymous_1)
FNDA:2,(anonymous_2)
FNDA:8,(anonymous_3)
FNDA:0,(anonymous_4)
FNDA:8,(anonymous_5)
FNDA:2,(anonymous_6)
DA:1,1
DA:2,1
DA:10,1
DA:11,1
DA:12,1
DA:28,1
DA:31,1
DA:32,2
DA:33,2
DA:34,2
DA:36,2
DA:37,2
DA:38,2
DA:39,2
DA:59,8
DA:61,0
DA:63,0
DA:64,0
DA:66,8
DA:67,8
DA:69,0
DA:70,0
DA:71,0
DA:72,0
DA:74,0
DA:75,0
DA:96,0
DA:102,0
DA:103,0
DA:104,0
DA:105,0
DA:107,0
DA:111,8
DA:113,8
DA:114,8
DA:118,8
DA:119,8
DA:123,8
DA:124,0
DA:125,0
DA:126,8
DA:127,0
DA:128,0
DA:137,2
DA:138,2
DA:139,2
DA:140,2
DA:141,2
DA:142,8
DA:143,8
DA:145,8
DA:146,8
DA:148,8
DA:150,2
DA:151,2
LF:55
LH:36
BRDA:59,1,0,0
BRDA:59,1,1,0
BRDA:59,1,2,8
BRDA:59,1,3,0
BRDA:59,1,4,0
BRDA:59,1,5,0
BRDA:64,2,0,0
BRDA:64,2,1,0
BRDA:67,3,0,0
BRDA:67,3,1,8
BRDA:70,4,0,0
BRDA:70,4,1,0
BRDA:72,5,0,0
BRDA:72,5,1,0
BRDA:75,6,0,0
BRDA:75,6,1,0
BRDA:113,7,0,8
BRDA:113,7,1,0
BRDA:118,8,0,8
BRDA:118,8,1,0
BRDA:123,9,0,0
BRDA:123,9,1,0
BRDA:123,9,2,8
BRDA:123,9,3,0
BRDA:123,9,4,0
BRDA:145,10,0,8
BRDA:145,10,1,8
BRDA:148,11,0,8
BRDA:148,11,1,8
BRF:29
BRH:9
end_of_record
TN:
SF:/Users/hans/Sources/sdk/packages/@angular/schematics/src/action.ts
FN:,(anonymous_1)
FN:91,isContentAction
FNF:2
FNH:1
FNDA:0,(anonymous_1)
FNDA:4,isContentAction
DA:1,1
DA:2,1
DA:4,1
DA:6,0
DA:91,1
DA:92,4
LF:6
LH:5
BRDA:92,1,0,4
BRDA:92,1,1,4
BRDA:92,1,2,4
BRDA:92,1,3,4
BRF:4
BRH:4
end_of_record
TN:
SF:/Users/hans/Sources/sdk/packages/@angular/schematics/src/tree/virtual.ts
FN:,(anonymous_1)
FN:,(anonymous_2)
FN:,(anonymous_3)
FN:,(anonymous_4)
FN:,(anonymous_5)
FN:,(anonymous_6)
FN:,(anonymous_7)
FN:,(anonymous_8)
FN:,(anonymous_9)
FN:,(anonymous_10)
FN:,(anonymous_11)
FN:,(anonymous_12)
FN:,(anonymous_13)
FN:,(anonymous_14)
FN:,(anonymous_15)
FN:,(anonymous_16)
FN:,(anonymous_17)
FN:,(anonymous_18)
FN:,(anonymous_19)
FN:,(anonymous_20)
FN:,(anonymous_21)
FN:,(anonymous_22)
FN:,(anonymous_23)
FN:,(anonymous_24)
FN:,(anonymous_25)
FN:,(anonymous_26)
FN:,(anonymous_27)
FN:,(anonymous_28)
FN:,(anonymous_29)
FN:,(anonymous_30)
FN:,(anonymous_31)
FN:,(anonymous_32)
FN:,(anonymous_33)
FN:,(anonymous_34)
FN:,(anonymous_35)
FN:,(anonymous_36)
FN:,(anonymous_37)
FN:,(anonymous_38)
FN:,(anonymous_39)
FN:,(anonymous_40)
FNF:40
FNH:25
FNDA:2,(anonymous_1)
FNDA:0,(anonymous_2)
FNDA:0,(anonymous_3)
FNDA:0,(anonymous_4)
FNDA:0,(anonymous_5)
FNDA:40,(anonymous_6)
FNDA:3,(anonymous_7)
FNDA:24,(anonymous_8)
FNDA:3,(anonymous_9)
FNDA:0,(anonymous_10)
FNDA:0,(anonymous_11)
FNDA:3,(anonymous_12)
FNDA:3,(anonymous_13)
FNDA:3,(anonymous_14)
FNDA:0,(anonymous_15)
FNDA:0,(anonymous_16)
FNDA:3,(anonymous_17)
FNDA:36,(anonymous_18)
FNDA:61,(anonymous_19)
FNDA:21,(anonymous_20)
FNDA:21,(anonymous_21)
FNDA:9,(anonymous_22)
FNDA:16,(anonymous_23)
FNDA:4,(anonymous_24)
FNDA:3,(anonymous_25)
FNDA:4,(anonymous_26)
FNDA:3,(anonymous_27)
FNDA:0,(anonymous_28)
FNDA:0,(anonymous_29)
FNDA:0,(anonymous_30)
FNDA:23,(anonymous_31)
FNDA:0,(anonymous_32)
FNDA:0,(anonymous_33)
FNDA:0,(anonymous_34)
FNDA:10,(anonymous_35)
FNDA:1,(anonymous_36)
FNDA:1,(anonymous_37)
FNDA:1,(anonymous_38)
FNDA:0,(anonymous_39)
FNDA:1,(anonymous_40)
DA:1,1
DA:2,1
DA:12,1
DA:13,1
DA:15,1
DA:16,1
DA:17,1
DA:21,1
DA:22,2
DA:24,1
DA:25,0
DA:27,1
DA:29,0
DA:32,1
DA:34,0
DA:37,1
DA:39,0
DA:50,1
DA:51,40
DA:53,3
DA:54,24
DA:58,1
DA:59,3
DA:61,3
DA:63,0
DA:64,0
DA:68,1
DA:74,3
DA:75,3
DA:76,3
DA:79,3
DA:83,3
DA:84,3
DA:87,0
DA:88,0
DA:91,0
DA:92,0
DA:96,3
DA:97,0
DA:99,3
DA:104,1
DA:105,36
DA:106,36
DA:109,36
DA:112,36
DA:113,6
DA:114,6
DA:115,6
DA:116,13
DA:117,13
DA:118,13
DA:122,6
DA:123,0
DA:124,0
DA:125,0
DA:128,31
DA:131,0
DA:132,0
DA:133,0
DA:134,0
DA:142,61
DA:145,21
DA:149,21
DA:150,15
DA:153,6
DA:154,6
DA:155,18
DA:159,9
DA:163,16
DA:164,16
DA:165,16
DA:169,4
DA:170,4
DA:171,1
DA:173,3
DA:176,3
DA:177,3
DA:178,3
DA:179,3
DA:180,0
DA:182,3
DA:183,3
DA:186,0
DA:192,4
DA:193,4
DA:194,0
DA:200,4
DA:201,4
DA:202,4
DA:203,4
DA:204,0
DA:205,4
DA:208,0
DA:209,4
DA:210,4
DA:211,4
DA:212,4
DA:216,4
DA:217,1
DA:220,4
DA:221,4
DA:226,3
DA:227,3
DA:228,3
DA:229,0
DA:232,3
DA:233,3
DA:236,0
DA:238,3
DA:239,3
DA:243,0
DA:244,0
DA:245,0
DA:246,0
DA:249,0
DA:250,0
DA:251,0
DA:255,0
DA:256,0
DA:257,0
DA:260,0
DA:261,0
DA:262,0
DA:266,23
DA:267,23
DA:268,0
DA:270,23
DA:271,13
DA:273,23
DA:274,23
DA:275,23
DA:279,0
DA:280,0
DA:281,0
DA:283,0
DA:287,0
DA:288,0
DA:289,0
DA:290,0
DA:292,0
DA:294,0
DA:296,0
DA:297,0
DA:301,0
DA:302,0
DA:303,0
DA:304,0
DA:305,0
DA:306,0
DA:307,0
DA:308,0
DA:309,0
DA:310,0
DA:311,0
DA:312,0
DA:313,0
DA:317,0
DA:318,0
DA:319,0
DA:321,0
DA:322,0
DA:326,0
DA:327,0
DA:328,0
DA:331,0
DA:332,0
DA:333,0
DA:334,0
DA:337,0
DA:338,0
DA:341,0
DA:342,0
DA:343,0
DA:344,0
DA:347,0
DA:349,0
DA:353,0
DA:354,0
DA:355,0
DA:360,10
DA:366,1
DA:371,1
DA:372,3
DA:374,1
DA:384,1
DA:385,1
DA:386,0
DA:389,1
DA:391,0
DA:392,0
DA:394,0
DA:395,0
DA:398,1
DA:399,0
DA:400,0
DA:401,0
DA:404,1
DA:406,1
DA:407,0
DA:408,0
DA:413,0
DA:421,0
DA:422,0
DA:423,0
DA:424,0
DA:425,0
DA:428,0
DA:436,1
DA:437,1
DA:438,1
DA:440,0
DA:442,1
LF:212
LH:107
BRDA:64,1,0,0
BRDA:64,1,1,0
BRDA:83,2,0,3
BRDA:83,2,1,0
BRDA:87,3,0,0
BRDA:87,3,1,0
BRDA:96,4,0,0
BRDA:96,4,1,3
BRDA:112,5,0,6
BRDA:112,5,1,30
BRDA:113,6,0,6
BRDA:113,6,1,3
BRDA:114,7,0,6
BRDA:114,7,1,0
BRDA:117,8,0,13
BRDA:117,8,1,0
BRDA:122,9,0,0
BRDA:122,9,1,6
BRDA:133,10,0,0
BRDA:133,10,1,0
BRDA:149,11,0,15
BRDA:149,11,1,6
BRDA:165,12,0,15
BRDA:165,12,1,1
BRDA:170,13,0,1
BRDA:170,13,1,3
BRDA:176,14,0,3
BRDA:176,14,1,0
BRDA:179,15,0,0
BRDA:179,15,1,3
BRDA:193,16,0,0
BRDA:193,16,1,4
BRDA:203,17,0,0
BRDA:203,17,1,4
BRDA:205,18,0,0
BRDA:205,18,1,4
BRDA:205,19,0,4
BRDA:205,19,1,0
BRDA:209,20,0,4
BRDA:209,20,1,0
BRDA:209,21,0,4
BRDA:209,21,1,4
BRDA:216,22,0,1
BRDA:216,22,1,3
BRDA:228,23,0,0
BRDA:228,23,1,3
BRDA:245,24,0,0
BRDA:245,24,1,0
BRDA:256,25,0,0
BRDA:256,25,1,0
BRDA:267,26,0,0
BRDA:267,26,1,23
BRDA:270,27,0,13
BRDA:270,27,1,10
BRDA:280,28,0,0
BRDA:280,28,1,0
BRDA:289,29,0,0
BRDA:289,29,1,0
BRDA:292,30,0,0
BRDA:292,30,1,0
BRDA:296,31,0,0
BRDA:296,31,1,0
BRDA:304,32,0,0
BRDA:304,32,1,0
BRDA:304,33,0,0
BRDA:304,33,1,0
BRDA:308,34,0,0
BRDA:308,34,1,0
BRDA:308,35,0,0
BRDA:308,35,1,0
BRDA:312,36,0,0
BRDA:312,36,1,0
BRDA:317,37,0,0
BRDA:317,37,1,0
BRDA:327,38,0,0
BRDA:327,38,1,0
BRDA:333,39,0,0
BRDA:333,39,1,0
BRDA:333,40,0,0
BRDA:333,40,1,0
BRDA:333,40,2,0
BRDA:337,41,0,0
BRDA:337,41,1,0
BRDA:337,41,2,0
BRDA:342,42,0,0
BRDA:342,42,1,0
BRDA:385,43,0,0
BRDA:385,43,1,1
BRDA:385,44,0,1
BRDA:385,44,1,0
BRDA:389,45,0,0
BRDA:389,45,1,0
BRDA:389,45,2,1
BRDA:389,45,3,0
BRDA:389,45,4,0
BRDA:389,45,5,0
BRDA:398,46,0,0
BRDA:398,46,1,1
BRDA:399,47,0,0
BRDA:399,47,1,0
BRDA:422,48,0,0
BRDA:422,48,1,0
BRDA:423,49,0,0
BRDA:423,49,1,0
BRDA:437,50,0,1
BRDA:437,50,1,0
BRF:106
BRH:35
end_of_record
TN:
SF:/Users/hans/Sources/sdk/packages/@angular/schematics/src/tree/base.ts
FNF:0
FNH:0
DA:2,1
DA:5,1
LF:2
LH:2
BRF:0
BRH:0
end_of_record
TN:
SF:/Users/hans/Sources/sdk/packages/@angular/schematics/src/utility/path.ts
FN:,(anonymous_1)
FN:9,normalizePath
FNF:2
FNH:2
FNDA:12,(anonymous_1)
FNDA:85,normalizePath
DA:1,1
DA:2,1
DA:4,1
DA:5,12
DA:9,1
DA:10,85
DA:11,85
DA:12,20
DA:14,85
DA:15,2
DA:18,83
DA:19,83
DA:20,102
DA:21,102
DA:28,83
DA:29,4
DA:31,79
LF:17
LH:17
BRDA:11,1,0,20
BRDA:11,1,1,65
BRDA:14,2,0,2
BRDA:14,2,1,83
BRDA:28,3,0,4
BRDA:28,3,1,79
BRDA:28,4,0,83
BRDA:28,4,1,81
BRDA:28,4,2,9
BRF:9
BRH:9
end_of_record
TN:
SF:/Users/hans/Sources/sdk/packages/@angular/schematics/src/utility/update-buffer.ts
FN:,(anonymous_1)
FN:,(anonymous_2)
FN:,(anonymous_3)
FN:,(anonymous_4)
FN:,(anonymous_5)
FN:,(anonymous_6)
FN:,(anonymous_7)
FN:,(anonymous_8)
FN:,(anonymous_9)
FN:,(anonymous_10)
FN:,(anonymous_11)
FN:,(anonymous_12)
FN:,(anonymous_13)
FN:,(anonymous_14)
FN:,(anonymous_15)
FN:,(anonymous_16)
FN:,(anonymous_17)
FN:,(anonymous_18)
FN:,(anonymous_19)
FN:,(anonymous_20)
FN:,(anonymous_21)
FNF:21
FNH:20
FNDA:0,(anonymous_1)
FNDA:2,(anonymous_2)
FNDA:75,(anonymous_3)
FNDA:36,(anonymous_4)
FNDA:294,(anonymous_5)
FNDA:56,(anonymous_6)
FNDA:8,(anonymous_7)
FNDA:18,(anonymous_8)
FNDA:41,(anonymous_9)
FNDA:64,(anonymous_10)
FNDA:18,(anonymous_11)
FNDA:19,(anonymous_12)
FNDA:76,(anonymous_13)
FNDA:76,(anonymous_14)
FNDA:12,(anonymous_15)
FNDA:3,(anonymous_16)
FNDA:48,(anonymous_17)
FNDA:12,(anonymous_18)
FNDA:8,(anonymous_19)
FNDA:18,(anonymous_20)
FNDA:25,(anonymous_21)
DA:1,1
DA:2,1
DA:5,1
DA:7,0
DA:10,1
DA:12,2
DA:24,1
DA:26,75
DA:27,75
DA:29,75
DA:30,75
DA:32,75
DA:34,75
DA:35,75
DA:39,36
DA:44,294
DA:50,56
DA:51,0
DA:55,56
DA:59,56
DA:60,52
DA:62,4
DA:63,4
DA:64,4
DA:67,56
DA:70,56
DA:71,56
DA:74,56
DA:75,1
DA:76,1
DA:80,56
DA:81,56
DA:83,56
DA:87,8
DA:88,0
DA:89,0
DA:91,0
DA:94,8
DA:95,8
DA:96,8
DA:97,8
DA:99,8
DA:100,1
DA:104,18
DA:105,2
DA:106,1
DA:108,1
DA:111,16
DA:112,16
DA:113,16
DA:114,16
DA:116,16
DA:117,0
DA:122,41
DA:123,16
DA:124,0
DA:127,41
DA:128,25
DA:129,1
DA:135,64
DA:136,40
DA:137,0
DA:139,40
DA:141,64
DA:142,40
DA:144,64
DA:145,24
DA:146,0
DA:148,24
DA:153,18
DA:154,16
DA:155,16
DA:157,18
DA:158,16
DA:159,16
DA:161,18
DA:162,16
DA:163,16
DA:165,18
DA:180,1
DA:183,19
DA:184,19
DA:188,76
DA:189,0
DA:194,76
DA:197,238
DA:198,76
DA:199,0
DA:202,76
DA:203,20
DA:205,56
DA:209,18
DA:212,3
DA:216,294
DA:219,12
DA:220,12
DA:221,12
DA:222,18
DA:223,18
DA:225,12
DA:229,8
DA:232,18
DA:236,25
DA:238,25
DA:239,25
DA:241,25
DA:242,25
DA:243,41
DA:245,24
DA:246,40
DA:249,24
DA:250,24
LF:112
LH:101
BRDA:39,1,0,32
BRDA:39,1,1,4
BRDA:40,2,0,32
BRDA:40,2,1,4
BRDA:41,3,0,32
BRDA:41,3,1,4
BRDA:44,4,0,183
BRDA:44,4,1,111
BRDA:45,5,0,183
BRDA:45,5,1,111
BRDA:46,6,0,193
BRDA:46,6,1,101
BRDA:50,7,0,0
BRDA:50,7,1,56
BRDA:50,8,0,56
BRDA:50,8,1,56
BRDA:59,9,0,52
BRDA:59,9,1,4
BRDA:63,10,0,4
BRDA:63,10,1,0
BRDA:71,11,0,56
BRDA:71,11,1,52
BRDA:74,12,0,1
BRDA:74,12,1,55
BRDA:87,13,0,0
BRDA:87,13,1,8
BRDA:88,14,0,0
BRDA:88,14,1,0
BRDA:99,15,0,1
BRDA:99,15,1,7
BRDA:104,16,0,2
BRDA:104,16,1,16
BRDA:105,17,0,1
BRDA:105,17,1,1
BRDA:116,18,0,0
BRDA:116,18,1,16
BRDA:122,19,0,16
BRDA:122,19,1,25
BRDA:123,20,0,0
BRDA:123,20,1,16
BRDA:127,21,0,25
BRDA:127,21,1,16
BRDA:128,22,0,1
BRDA:128,22,1,24
BRDA:135,23,0,40
BRDA:135,23,1,24
BRDA:136,24,0,0
BRDA:136,24,1,40
BRDA:141,25,0,40
BRDA:141,25,1,24
BRDA:144,26,0,24
BRDA:144,26,1,40
BRDA:145,27,0,0
BRDA:145,27,1,24
BRDA:153,28,0,16
BRDA:153,28,1,2
BRDA:157,29,0,16
BRDA:157,29,1,2
BRDA:161,30,0,16
BRDA:161,30,1,2
BRDA:188,31,0,0
BRDA:188,31,1,76
BRDA:188,32,0,76
BRDA:188,32,1,76
BRDA:198,33,0,0
BRDA:198,33,1,76
BRDA:202,34,0,20
BRDA:202,34,1,56
BRDA:202,35,0,76
BRDA:202,35,1,25
BRDA:242,36,0,65
BRDA:242,36,1,65
BRDA:245,37,0,64
BRDA:245,37,1,64
BRDA:249,38,0,24
BRDA:249,38,1,0
BRF:76
BRH:64
end_of_record
TN:
SF:/Users/hans/Sources/sdk/packages/@angular/schematics/src/utility/linked-list.ts
FN:,(anonymous_1)
FN:,(anonymous_2)
FN:,(anonymous_3)
FN:,(anonymous_4)
FN:,(anonymous_5)
FN:,(anonymous_6)
FN:,(anonymous_7)
FNF:7
FNH:4
FNDA:19,(anonymous_1)
FNDA:0,(anonymous_2)
FNDA:0,(anonymous_3)
FNDA:0,(anonymous_4)
FNDA:60,(anonymous_5)
FNDA:76,(anonymous_6)
FNDA:12,(anonymous_7)
DA:2,1
DA:3,19
DA:6,0
DA:7,0
DA:8,0
DA:9,0
DA:11,0
DA:14,0
DA:16,0
DA:17,0
DA:18,0
DA:19,0
DA:20,0
DA:22,0
DA:26,60
DA:27,60
DA:28,60
DA:29,60
DA:30,312
DA:31,312
DA:32,312
DA:34,60
DA:38,76
DA:39,76
DA:40,76
DA:41,238
DA:42,76
DA:44,162
DA:45,162
DA:47,76
DA:51,12
DA:52,12
DA:53,12
DA:54,18
DA:55,18
DA:56,18
LF:36
LH:24
BRDA:7,1,0,0
BRDA:7,1,1,0
BRDA:41,2,0,76
BRDA:41,2,1,162
BRF:4
BRH:2
end_of_record
TN:
SF:/Users/hans/Sources/sdk/packages/@angular/schematics/src/tree/filesystem.ts
FN:,(anonymous_1)
FN:,(anonymous_2)
FN:,recurse
FNF:3
FNH:3
FNDA:4,(anonymous_1)
FNDA:4,(anonymous_2)
FNDA:12,recurse
DA:1,1
DA:2,1
DA:3,1
DA:4,1
DA:5,1
DA:8,1
DA:9,4
DA:10,4
DA:11,4
DA:12,0
DA:14,4
DA:16,4
DA:17,3
DA:18,3
DA:19,3
DA:20,9
DA:21,9
DA:22,9
DA:28,1
DA:29,12
DA:30,20
DA:31,20
DA:32,20
DA:33,8
DA:35,12
DA:40,4
DA:41,4
DA:43,0
LF:28
LH:26
BRDA:11,1,0,0
BRDA:11,1,1,4
BRDA:16,2,0,3
BRDA:16,2,1,1
BRDA:32,3,0,8
BRDA:32,3,1,12
BRDA:40,4,0,4
BRDA:40,4,1,0
BRF:8
BRH:6
end_of_record
TN:
SF:/Users/hans/Sources/sdk/packages/@angular/schematics/src/sink/filesystem.ts
FN:7,_fsExists
FN:15,_fsDelete
FN:27,_fsMkDir
FN:40,_fsWrite
FN:53,_fsRead
FN:64,_fsRename
FN:,(anonymous_7)
FN:,(anonymous_8)
FNF:8
FNH:4
FNDA:0,_fsExists
FNDA:0,_fsDelete
FNDA:4,_fsMkDir
FNDA:4,_fsWrite
FNDA:0,_fsRead
FNDA:0,_fsRename
FNDA:4,(anonymous_7)
FNDA:1,(anonymous_8)
DA:1,1
DA:2,1
DA:3,1
DA:4,1
DA:7,1
DA:8,0
DA:9,0
DA:10,0
DA:15,1
DA:16,0
DA:17,0
DA:18,0
DA:19,0
DA:21,0
DA:27,1
DA:28,4
DA:29,4
DA:30,6
DA:31,4
DA:33,2
DA:35,4
DA:36,2
DA:40,1
DA:41,4
DA:42,4
DA:44,4
DA:45,4
DA:46,0
DA:48,4
DA:53,1
DA:54,0
DA:55,0
DA:56,0
DA:57,0
DA:59,0
DA:64,1
DA:65,0
DA:66,0
DA:67,0
DA:68,0
DA:70,0
DA:76,1
DA:78,4
DA:82,1
DA:83,0
DA:84,0
DA:86,0
DA:87,4
DA:89,0
LF:49
LH:26
BRDA:18,1,0,0
BRDA:18,1,1,0
BRDA:30,2,0,4
BRDA:30,2,1,2
BRDA:45,3,0,0
BRDA:45,3,1,4
BRDA:56,4,0,0
BRDA:56,4,1,0
BRDA:67,5,0,0
BRDA:67,5,1,0
BRDA:78,6,0,0
BRDA:78,6,1,4
BRF:12
BRH:4
end_of_record
TN:
SF:/Users/hans/Sources/sdk/packages/@angular/schematics/src/tree/host.ts
FN:,(anonymous_1)
FN:,(anonymous_2)
FNF:2
FNH:2
FNDA:1,(anonymous_1)
FNDA:1,(anonymous_2)
DA:1,1
DA:2,1
DA:4,1
DA:5,1
DA:6,1
DA:9,1
DA:10,1
DA:11,1
DA:12,1
DA:13,0
DA:18,1
DA:19,1
DA:20,1
DA:22,1
DA:23,3
DA:25,3
DA:26,3
DA:27,3
DA:30,1
LF:19
LH:18
BRDA:12,1,0,0
BRDA:12,1,1,1
BRDA:23,2,0,3
BRDA:23,2,1,3
BRF:4
BRH:3
end_of_record
TN:
SF:/Users/hans/Sources/sdk/packages/@angular/schematics/src/index.ts
FN:,__export
FNF:1
FNH:1
FNDA:12,__export
DA:1,1
DA:2,1
DA:3,34
DA:4,1
DA:5,1
DA:6,1
DA:7,1
DA:8,1
DA:10,1
DA:11,1
DA:13,1
DA:16,1
DA:17,1
DA:18,1
DA:19,1
DA:20,1
DA:21,1
LF:17
LH:17
BRDA:,1,0,34
BRDA:,1,1,0
BRF:2
BRH:1
end_of_record
TN:
SF:/Users/hans/Sources/sdk/packages/@angular/schematics/src/collection.ts
FN:,(anonymous_1)
FN:,(anonymous_2)
FN:,(anonymous_3)
FN:,(anonymous_4)
FN:,(anonymous_5)
FN:,(anonymous_6)
FN:,(anonymous_7)
FN:,(anonymous_8)
FN:,(anonymous_9)
FNF:9
FNH:0
FNDA:0,(anonymous_1)
FNDA:0,(anonymous_2)
FNDA:0,(anonymous_3)
FNDA:0,(anonymous_4)
FNDA:0,(anonymous_5)
FNDA:0,(anonymous_6)
FNDA:0,(anonymous_7)
FNDA:0,(anonymous_8)
FNDA:0,(anonymous_9)
DA:2,1
DA:6,1
DA:11,1
DA:13,0
DA:16,1
DA:17,0
DA:21,1
DA:22,0
DA:24,0
DA:25,0
DA:26,0
DA:27,0
DA:31,0
DA:32,0
DA:33,0
DA:36,0
DA:40,0
DA:41,0
DA:43,0
DA:47,0
DA:48,0
DA:51,0
DA:52,0
DA:53,0
DA:55,0
LF:25
LH:5
BRDA:32,1,0,0
BRDA:32,1,1,0
BRDA:33,2,0,0
BRDA:33,2,1,0
BRDA:40,3,0,0
BRDA:40,3,1,0
BRDA:47,4,0,0
BRDA:47,4,1,0
BRDA:52,5,0,0
BRDA:52,5,1,0
BRF:10
BRH:0
end_of_record
TN:
SF:/Users/hans/Sources/sdk/packages/@angular/schematics/src/engine.ts
FN:,(anonymous_1)
FN:,(anonymous_2)
FN:,(anonymous_3)
FNF:3
FNH:0
FNDA:0,(anonymous_1)
FNDA:0,(anonymous_2)
FNDA:0,(anonymous_3)
DA:2,1
DA:6,1
DA:7,1
DA:16,1
DA:17,0
DA:21,0
DA:22,0
DA:23,0
DA:26,0
DA:30,0
DA:31,0
DA:32,0
DA:35,0
LF:13
LH:4
BRDA:22,1,0,0
BRDA:22,1,1,0
BRDA:31,2,0,0
BRDA:31,2,1,0
BRF:4
BRH:0
end_of_record
TN:
SF:/Users/hans/Sources/sdk/packages/@angular/schematics/src/tree/empty.ts
FN:,(anonymous_1)
FNF:1
FNH:0
FNDA:0,(anonymous_1)
DA:1,1
DA:2,1
DA:4,1
DA:5,0
LF:4
LH:3
BRF:0
BRH:0
end_of_record
TN:
SF:/Users/hans/Sources/sdk/packages/@angular/schematics/rules/move.ts
FN:4,move
FNF:1
FNH:0
FNDA:0,move
DA:2,1
DA:4,1
DA:5,0
DA:6,0
DA:7,0
DA:9,0
LF:6
LH:2
BRF:0
BRH:0
end_of_record
TN:
SF:/Users/hans/Sources/sdk/packages/@angular/schematics/rules/random.ts
FN:5,generateStringOfLength
FN:12,random
FN:24,default_1
FNF:3
FNH:0
FNDA:0,generateStringOfLength
FNDA:0,random
FNDA:0,default_1
DA:1,1
DA:2,1
DA:5,1
DA:6,0
DA:7,0
DA:12,1
DA:13,0
DA:24,1
DA:25,0
DA:26,0
DA:28,0
DA:29,0
DA:33,0
DA:34,0
DA:35,0
DA:36,0
DA:38,0
DA:41,0
LF:18
LH:5
BRDA:26,1,0,0
BRDA:26,1,1,0
BRDA:29,2,0,0
BRDA:29,2,1,0
BRDA:30,3,0,0
BRDA:30,3,1,0
BRF:6
BRH:0
end_of_record
TN:
SF:/Users/hans/Sources/sdk/packages/@angular/schematics/rules/schematic.ts
FN:12,schematic
FNF:1
FNH:0
FNDA:0,schematic
DA:1,1
DA:2,1
DA:3,1
DA:12,1
DA:13,0
DA:14,0
DA:15,0
LF:7
LH:4
BRF:0
BRH:0
end_of_record
TN:
SF:/Users/hans/Sources/sdk/packages/@angular/schematics/rules/template.ts
FN:,(anonymous_1)
FN:,(anonymous_2)
FN:,(anonymous_3)
FN:25,lodashTemplate
FN:42,pathTemplate
FN:80,template
FNF:6
FNH:0
FNDA:0,(anonymous_1)
FNDA:0,(anonymous_2)
FNDA:0,(anonymous_3)
FNDA:0,lodashTemplate
FNDA:0,pathTemplate
FNDA:0,template
DA:2,1
DA:3,1
DA:5,1
DA:6,1
DA:9,1
DA:10,0
DA:14,1
DA:15,0
DA:19,1
DA:20,0
DA:25,1
DA:26,0
DA:27,0
DA:29,0
DA:31,0
DA:32,0
DA:33,0
DA:34,0
DA:38,0
DA:42,1
DA:43,0
DA:44,0
DA:46,0
DA:47,0
DA:48,0
DA:50,0
DA:51,0
DA:52,0
DA:53,0
DA:55,0
DA:56,0
DA:58,0
DA:59,0
DA:61,0
DA:64,0
DA:67,0
DA:68,0
DA:71,0
DA:74,0
DA:80,1
DA:81,0
LF:41
LH:10
BRDA:31,1,0,0
BRDA:31,1,1,0
BRDA:31,2,0,0
BRDA:31,2,1,0
BRDA:47,3,0,0
BRDA:47,3,1,0
BRDA:50,4,0,0
BRDA:50,4,1,0
BRDA:52,5,0,0
BRDA:52,5,1,0
BRDA:55,6,0,0
BRDA:55,6,1,0
BRDA:58,7,0,0
BRDA:58,7,1,0
BRDA:67,8,0,0
BRDA:67,8,1,0
BRF:16
BRH:0
end_of_record
TN:
SF:/Users/hans/Sources/sdk/packages/@angular/schematics/rules/utils/is-binary.ts
FN:2,isBinary
FNF:1
FNH:0
FNDA:0,isBinary
DA:2,1
DA:3,0
DA:4,0
DA:6,0
DA:7,0
DA:10,0
DA:11,0
DA:12,0
DA:15,0
DA:20,0
LF:10
LH:1
BRDA:12,1,0,0
BRDA:12,1,1,0
BRDA:12,2,0,0
BRDA:12,2,1,0
BRF:4
BRH:0
end_of_record
TN:
SF:/Users/hans/Sources/sdk/packages/@angular/schematics/rules/url.ts
FN:,(anonymous_1)
FN:16,url
FNF:2
FNH:0
FNDA:0,(anonymous_1)
FNDA:0,url
DA:2,1
DA:3,1
DA:5,1
DA:6,1
DA:7,1
DA:8,1
DA:11,1
DA:12,0
DA:16,1
DA:17,0
DA:19,0
DA:20,0
DA:23,0
DA:24,0
DA:26,0
DA:29,0
DA:30,0
DA:33,0
DA:36,0
LF:19
LH:8
BRDA:20,1,0,0
BRDA:20,1,1,0
BRDA:20,1,2,0
BRDA:20,1,3,0
BRDA:23,2,0,0
BRDA:23,2,1,0
BRDA:23,3,0,0
BRDA:23,3,1,0
BRDA:26,4,0,0
BRDA:26,4,1,0
BRDA:30,5,0,0
BRDA:30,5,1,0
BRF:12
BRH:0
end_of_record
